<?xml version="1.0" encoding="UTF-8"?>
<robot generator="Robot 5.0.1 (Python 3.8.3 on win32)" generated="20220620 15:09:06.161" rpa="false" schemaversion="3">
<suite id="s1" name="Tests" source="D:\SEQUIS\android_project\Tests">
<suite id="s1-s1" name="LoginEmail" source="D:\SEQUIS\android_project\Tests\LoginEmail.robot">
<test id="s1-s1-t1" name="Landing Page" line="6">
<kw name="Open Sequiz App On Android" library="config">
<kw name="Open Application" library="AppiumLibrary">
<arg>http://localhost:4723/wd/hub</arg>
<arg>automationName=UIAutomator2</arg>
<arg>platformName=Android</arg>
<arg>deviceName=emulator-5554</arg>
<arg>appPackage=com.sequis.neu.polisku</arg>
<arg>appActivity=com.sequis.neu.polisku.SplashScreenActivity</arg>
<doc>Opens a new application to given Appium server.
Capabilities of appium server, Android and iOS,
Please check https://github.com/appium/appium/blob/master/docs/en/writing-running-appium/server-args.md
| *Option*            | *Man.* | *Description*     |
| remote_url          | Yes    | Appium server url |
| alias               | no     | alias             |</doc>
<status status="PASS" starttime="20220620 15:09:06.528" endtime="20220620 15:09:24.005"/>
</kw>
<status status="PASS" starttime="20220620 15:09:06.527" endtime="20220620 15:09:24.006"/>
</kw>
<kw name="Landing Page" library="config">
<kw name="Wait Until Element Is Visible" library="AppiumLibrary">
<arg>${LANDING-SplashLogo}</arg>
<arg>timeout=20</arg>
<doc>Waits until element specified with `locator` is visible.</doc>
<status status="PASS" starttime="20220620 15:09:24.013" endtime="20220620 15:09:24.619"/>
</kw>
<kw name="Wait Until Element Is Visible" library="AppiumLibrary">
<arg>${LANDING-SequizLogo}</arg>
<arg>timeout=20</arg>
<doc>Waits until element specified with `locator` is visible.</doc>
<status status="PASS" starttime="20220620 15:09:24.620" endtime="20220620 15:09:34.138"/>
</kw>
<status status="PASS" starttime="20220620 15:09:24.011" endtime="20220620 15:09:34.139"/>
</kw>
<status status="PASS" starttime="20220620 15:09:06.527" endtime="20220620 15:09:34.141"/>
</test>
<test id="s1-s1-t2" name="Click Button" line="10">
<kw name="Click Masuk Button" library="config">
<kw name="Click Element" library="AppiumLibrary">
<arg>${LANDING-LOGIN-BUTTON}</arg>
<doc>Click element identified by `locator`.</doc>
<msg timestamp="20220620 15:09:34.154" level="INFO">Clicking element 'id=com.sequis.neu.polisku:id/daftar_sekarang'.</msg>
<status status="PASS" starttime="20220620 15:09:34.145" endtime="20220620 15:09:34.833"/>
</kw>
<status status="PASS" starttime="20220620 15:09:34.145" endtime="20220620 15:09:34.834"/>
</kw>
<status status="PASS" starttime="20220620 15:09:34.143" endtime="20220620 15:09:34.836"/>
</test>
<test id="s1-s1-t3" name="GO TO LOGIN EMAIL PAGE" line="13">
<kw name="Verify Login Email Field Is Displayed" library="config">
<kw name="Wait Until Page Contains Element" library="AppiumLibrary">
<arg>${Login-Masuk-TEXT}</arg>
<arg>timeout=20</arg>
<doc>Waits until element specified with `locator` appears on current page.</doc>
<status status="PASS" starttime="20220620 15:09:34.842" endtime="20220620 15:09:37.574"/>
</kw>
<kw name="Click Element" library="AppiumLibrary">
<arg>${Login-EMAIL-TAB}</arg>
<doc>Click element identified by `locator`.</doc>
<msg timestamp="20220620 15:09:37.589" level="INFO">Clicking element 'id=com.sequis.neu.polisku:id/background'.</msg>
<status status="PASS" starttime="20220620 15:09:37.574" endtime="20220620 15:09:37.932"/>
</kw>
<kw name="Wait Until Page Contains Element" library="AppiumLibrary">
<arg>${Login-EMAIL-FIELD}</arg>
<arg>timeout=20</arg>
<doc>Waits until element specified with `locator` appears on current page.</doc>
<status status="PASS" starttime="20220620 15:09:37.932" endtime="20220620 15:09:38.266"/>
</kw>
<status status="PASS" starttime="20220620 15:09:34.841" endtime="20220620 15:09:38.267"/>
</kw>
<status status="PASS" starttime="20220620 15:09:34.839" endtime="20220620 15:09:38.268"/>
</test>
<test id="s1-s1-t4" name="INPUT EMAIL" line="16">
<kw name="Login With Email User" library="config">
<arg>${USER1-DETAILS}[email]</arg>
<arg>${USER1-DETAILS}[password]</arg>
<kw name="Input User Email" library="config">
<arg>${EMAIL}</arg>
<kw name="Input Text" library="AppiumLibrary">
<arg>${Login-EMAIL-FIELD}</arg>
<arg>${EMAIL}</arg>
<doc>Types the given `text` into text field identified by `locator`.</doc>
<msg timestamp="20220620 15:09:38.287" level="INFO">Typing text 'valiantartwear@gmail.com' into text field '//android.widget.EditText[@text='Alamat email']'</msg>
<status status="PASS" starttime="20220620 15:09:38.276" endtime="20220620 15:09:39.356"/>
</kw>
<status status="PASS" starttime="20220620 15:09:38.275" endtime="20220620 15:09:39.356"/>
</kw>
<kw name="Input User Password" library="config">
<arg>${USERPASSWORD}</arg>
<kw name="Input Text" library="AppiumLibrary">
<arg>${Login-PASSWORD-FIELD}</arg>
<arg>${USERPASSWORD}</arg>
<doc>Types the given `text` into text field identified by `locator`.</doc>
<msg timestamp="20220620 15:09:39.368" level="INFO">Typing text 'Admin123' into text field '//android.widget.EditText[@text='Password']'</msg>
<status status="PASS" starttime="20220620 15:09:39.359" endtime="20220620 15:09:40.610"/>
</kw>
<status status="PASS" starttime="20220620 15:09:39.357" endtime="20220620 15:09:40.611"/>
</kw>
<kw name="Submit Login" library="config">
<kw name="Click Element" library="AppiumLibrary">
<arg>${Login-SUMBIT-BUTTON}</arg>
<doc>Click element identified by `locator`.</doc>
<msg timestamp="20220620 15:09:40.621" level="INFO">Clicking element 'id=com.sequis.neu.polisku:id/daftar'.</msg>
<status status="PASS" starttime="20220620 15:09:40.613" endtime="20220620 15:09:41.236"/>
</kw>
<status status="PASS" starttime="20220620 15:09:40.611" endtime="20220620 15:09:41.237"/>
</kw>
<kw name="Verify Login Is Successful" library="config">
<kw name="Wait Until Page Contains Element" library="AppiumLibrary">
<arg>${MAIN-PIN-IMAGE}</arg>
<doc>Waits until element specified with `locator` appears on current page.</doc>
<status status="PASS" starttime="20220620 15:09:41.239" endtime="20220620 15:09:46.094"/>
</kw>
<status status="PASS" starttime="20220620 15:09:41.237" endtime="20220620 15:09:46.095"/>
</kw>
<status status="PASS" starttime="20220620 15:09:38.273" endtime="20220620 15:09:46.095"/>
</kw>
<status status="PASS" starttime="20220620 15:09:38.271" endtime="20220620 15:09:46.096"/>
</test>
<test id="s1-s1-t5" name="Verify LoginEmail Is Successful" line="19">
<kw name="GO TO PROFILE PAGE" library="config">
<kw name="Wait Until Element Is Visible" library="AppiumLibrary">
<arg>${MAIN-PIN-IMAGE}</arg>
<arg>timeout=20</arg>
<doc>Waits until element specified with `locator` is visible.</doc>
<status status="PASS" starttime="20220620 15:09:46.101" endtime="20220620 15:09:46.237"/>
</kw>
<kw name="Click Element" library="AppiumLibrary">
<arg>${MAIN-PINCLOSE-BUTTON}</arg>
<doc>Click element identified by `locator`.</doc>
<msg timestamp="20220620 15:09:46.247" level="INFO">Clicking element 'id=com.sequis.neu.polisku:id/close'.</msg>
<status status="PASS" starttime="20220620 15:09:46.237" endtime="20220620 15:09:47.370"/>
</kw>
<status status="PASS" starttime="20220620 15:09:46.101" endtime="20220620 15:09:47.370"/>
</kw>
<kw name="VERIFY PROFILE PAGE" library="config">
<kw name="Wait Until Page Contains Element" library="AppiumLibrary">
<arg>${MAIN-ICON-INBOX}</arg>
<arg>timeout=20</arg>
<doc>Waits until element specified with `locator` appears on current page.</doc>
<status status="PASS" starttime="20220620 15:09:47.373" endtime="20220620 15:09:47.653"/>
</kw>
<kw name="Wait Until Page Contains Element" library="AppiumLibrary">
<arg>${MAIN-ICON-SETTINGS}</arg>
<doc>Waits until element specified with `locator` appears on current page.</doc>
<status status="PASS" starttime="20220620 15:09:47.653" endtime="20220620 15:09:48.578"/>
</kw>
<status status="PASS" starttime="20220620 15:09:47.371" endtime="20220620 15:09:48.579"/>
</kw>
<status status="PASS" starttime="20220620 15:09:46.099" endtime="20220620 15:09:48.581"/>
</test>
<test id="s1-s1-t6" name="Logout Account" line="23">
<kw name="DETAIL ACCOUNT" library="config">
<kw name="Click Element" library="AppiumLibrary">
<arg>${MAIN-SETTINGS-BUTTON}</arg>
<doc>Click element identified by `locator`.</doc>
<msg timestamp="20220620 15:09:48.592" level="INFO">Clicking element 'id=com.sequis.neu.polisku:id/settings'.</msg>
<status status="PASS" starttime="20220620 15:09:48.586" endtime="20220620 15:09:48.867"/>
</kw>
<kw name="Wait Until Element Is Visible" library="AppiumLibrary">
<arg>${MAIN-LIHATAKUN-BUTTON}</arg>
<arg>timeout=10</arg>
<doc>Waits until element specified with `locator` is visible.</doc>
<status status="PASS" starttime="20220620 15:09:48.867" endtime="20220620 15:09:50.839"/>
</kw>
<kw name="Click Element" library="AppiumLibrary">
<arg>${MAIN-LIHATAKUN-BUTTON}</arg>
<doc>Click element identified by `locator`.</doc>
<msg timestamp="20220620 15:09:50.850" level="INFO">Clicking element 'id=com.sequis.neu.polisku:id/lihatAkun'.</msg>
<status status="PASS" starttime="20220620 15:09:50.839" endtime="20220620 15:09:51.121"/>
</kw>
<kw name="Wait Until Element Is Visible" library="AppiumLibrary">
<arg>${MAIN-DETAIL-ACCOUNT}</arg>
<arg>timeout=10</arg>
<doc>Waits until element specified with `locator` is visible.</doc>
<status status="PASS" starttime="20220620 15:09:51.122" endtime="20220620 15:09:52.712"/>
</kw>
<status status="PASS" starttime="20220620 15:09:48.585" endtime="20220620 15:09:52.713"/>
</kw>
<kw name="Click the logout button" library="config">
<kw name="Click Element" library="AppiumLibrary">
<arg>${MAIN-SIGNOUT-BUTTON}</arg>
<doc>Click element identified by `locator`.</doc>
<msg timestamp="20220620 15:09:52.723" level="INFO">Clicking element '//android.widget.Button[@text='SIGN OUT']'.</msg>
<status status="PASS" starttime="20220620 15:09:52.716" endtime="20220620 15:09:52.968"/>
</kw>
<kw name="Wait Until Element Is Visible" library="AppiumLibrary">
<arg>${MAIN-LOGOUT-POPUP}</arg>
<arg>timeout=10</arg>
<doc>Waits until element specified with `locator` is visible.</doc>
<status status="PASS" starttime="20220620 15:09:52.969" endtime="20220620 15:09:53.796"/>
</kw>
<kw name="Click Element" library="AppiumLibrary">
<arg>${MAIN-SIGNOUT-BUTTON2}</arg>
<doc>Click element identified by `locator`.</doc>
<msg timestamp="20220620 15:09:53.806" level="INFO">Clicking element 'id=android:id/button1'.</msg>
<status status="PASS" starttime="20220620 15:09:53.796" endtime="20220620 15:09:53.947"/>
</kw>
<status status="PASS" starttime="20220620 15:09:52.714" endtime="20220620 15:09:53.948"/>
</kw>
<status status="PASS" starttime="20220620 15:09:48.584" endtime="20220620 15:09:53.948"/>
</test>
<test id="s1-s1-t7" name="BACK TO LANDING PAGE" line="27">
<kw name="GO TO LANDING PAGE" library="config">
<kw name="Wait Until Element Is Visible" library="AppiumLibrary">
<arg>${LANDING-SequizLogo}</arg>
<arg>timeout=20</arg>
<doc>Waits until element specified with `locator` is visible.</doc>
<status status="PASS" starttime="20220620 15:09:53.962" endtime="20220620 15:09:57.685"/>
</kw>
<kw name="Wait Until Element Is Visible" library="AppiumLibrary">
<arg>${LANDING-GMAIL-BUTTON}</arg>
<arg>timeout=20</arg>
<doc>Waits until element specified with `locator` is visible.</doc>
<status status="PASS" starttime="20220620 15:09:57.685" endtime="20220620 15:09:57.792"/>
</kw>
<status status="PASS" starttime="20220620 15:09:53.960" endtime="20220620 15:09:57.793"/>
</kw>
<status status="PASS" starttime="20220620 15:09:53.957" endtime="20220620 15:09:57.794"/>
</test>
<test id="s1-s1-t8" name="Close Application" line="30">
<kw name="Close Sequiz App" library="config">
<kw name="Close Application" library="AppiumLibrary">
<doc>Closes the current application and also close webdriver session.</doc>
<status status="PASS" starttime="20220620 15:09:57.801" endtime="20220620 15:09:58.933"/>
</kw>
<status status="PASS" starttime="20220620 15:09:57.799" endtime="20220620 15:09:58.933"/>
</kw>
<status status="PASS" starttime="20220620 15:09:57.797" endtime="20220620 15:09:58.935"/>
</test>
<status status="PASS" starttime="20220620 15:09:06.195" endtime="20220620 15:09:58.938"/>
</suite>
<suite id="s1-s2" name="LoginFacebookButton" source="D:\SEQUIS\android_project\Tests\LoginFacebookButton.robot">
<test id="s1-s2-t1" name="Landing Page" line="6">
<kw name="Open Sequiz App On Android" library="config">
<kw name="Open Application" library="AppiumLibrary">
<arg>http://localhost:4723/wd/hub</arg>
<arg>automationName=UIAutomator2</arg>
<arg>platformName=Android</arg>
<arg>deviceName=emulator-5554</arg>
<arg>appPackage=com.sequis.neu.polisku</arg>
<arg>appActivity=com.sequis.neu.polisku.SplashScreenActivity</arg>
<doc>Opens a new application to given Appium server.
Capabilities of appium server, Android and iOS,
Please check https://github.com/appium/appium/blob/master/docs/en/writing-running-appium/server-args.md
| *Option*            | *Man.* | *Description*     |
| remote_url          | Yes    | Appium server url |
| alias               | no     | alias             |</doc>
<status status="PASS" starttime="20220620 15:09:58.992" endtime="20220620 15:10:13.033"/>
</kw>
<status status="PASS" starttime="20220620 15:09:58.991" endtime="20220620 15:10:13.034"/>
</kw>
<kw name="Landing Page" library="config">
<kw name="Wait Until Element Is Visible" library="AppiumLibrary">
<arg>${LANDING-SplashLogo}</arg>
<arg>timeout=20</arg>
<doc>Waits until element specified with `locator` is visible.</doc>
<status status="PASS" starttime="20220620 15:10:13.036" endtime="20220620 15:10:13.568"/>
</kw>
<kw name="Wait Until Element Is Visible" library="AppiumLibrary">
<arg>${LANDING-SequizLogo}</arg>
<arg>timeout=20</arg>
<doc>Waits until element specified with `locator` is visible.</doc>
<status status="PASS" starttime="20220620 15:10:13.569" endtime="20220620 15:10:23.171"/>
</kw>
<status status="PASS" starttime="20220620 15:10:13.035" endtime="20220620 15:10:23.171"/>
</kw>
<status status="PASS" starttime="20220620 15:09:58.987" endtime="20220620 15:10:23.173"/>
</test>
<test id="s1-s2-t2" name="Click Facebook Button" line="10">
<kw name="Click Facebook Button" library="config">
<kw name="Click Element" library="AppiumLibrary">
<arg>${LANDING-FACEBOOK-BUTTON}</arg>
<doc>Click element identified by `locator`.</doc>
<msg timestamp="20220620 15:10:23.189" level="INFO">Clicking element 'id=com.sequis.neu.polisku:id/containerFacebook'.</msg>
<status status="PASS" starttime="20220620 15:10:23.179" endtime="20220620 15:10:23.399"/>
</kw>
<status status="PASS" starttime="20220620 15:10:23.178" endtime="20220620 15:10:23.401"/>
</kw>
<status status="PASS" starttime="20220620 15:10:23.176" endtime="20220620 15:10:23.402"/>
</test>
<test id="s1-s2-t3" name="Navigate to Facebook Page" line="13">
<kw name="Wait Facebook Page Displayed" library="config">
<kw name="Wait Until Element Is Visible" library="AppiumLibrary">
<arg>${Login-FACEBOOK-POPUP}</arg>
<arg>timeout=20</arg>
<doc>Waits until element specified with `locator` is visible.</doc>
<status status="PASS" starttime="20220620 15:10:23.410" endtime="20220620 15:10:29.695"/>
</kw>
<status status="PASS" starttime="20220620 15:10:23.409" endtime="20220620 15:10:29.696"/>
</kw>
<status status="PASS" starttime="20220620 15:10:23.406" endtime="20220620 15:10:29.697"/>
</test>
<test id="s1-s2-t4" name="Login Button" line="16">
<kw name="Click Continue FB" library="config">
<kw name="Click Element" library="AppiumLibrary">
<arg>${Login-CONTINUEFB-BUTTON}</arg>
<doc>Click element identified by `locator`.</doc>
<msg timestamp="20220620 15:10:29.710" level="INFO">Clicking element '//android.widget.Button[@text="Continue"]'.</msg>
<status status="PASS" starttime="20220620 15:10:29.703" endtime="20220620 15:10:30.152"/>
</kw>
<status status="PASS" starttime="20220620 15:10:29.702" endtime="20220620 15:10:30.153"/>
</kw>
<status status="PASS" starttime="20220620 15:10:29.701" endtime="20220620 15:10:30.154"/>
</test>
<test id="s1-s2-t5" name="Verify Login FB Is Successful" line="19">
<kw name="GO TO PROFILE PAGE" library="config">
<kw name="Wait Until Element Is Visible" library="AppiumLibrary">
<arg>${MAIN-PIN-IMAGE}</arg>
<arg>timeout=20</arg>
<doc>Waits until element specified with `locator` is visible.</doc>
<status status="PASS" starttime="20220620 15:10:30.160" endtime="20220620 15:10:36.365"/>
</kw>
<kw name="Click Element" library="AppiumLibrary">
<arg>${MAIN-PINCLOSE-BUTTON}</arg>
<doc>Click element identified by `locator`.</doc>
<msg timestamp="20220620 15:10:36.373" level="INFO">Clicking element 'id=com.sequis.neu.polisku:id/close'.</msg>
<status status="PASS" starttime="20220620 15:10:36.366" endtime="20220620 15:10:37.500"/>
</kw>
<status status="PASS" starttime="20220620 15:10:30.159" endtime="20220620 15:10:37.501"/>
</kw>
<kw name="VERIFY PROFILE PAGE" library="config">
<kw name="Wait Until Page Contains Element" library="AppiumLibrary">
<arg>${MAIN-ICON-INBOX}</arg>
<arg>timeout=20</arg>
<doc>Waits until element specified with `locator` appears on current page.</doc>
<status status="PASS" starttime="20220620 15:10:37.503" endtime="20220620 15:10:37.676"/>
</kw>
<kw name="Wait Until Page Contains Element" library="AppiumLibrary">
<arg>${MAIN-ICON-SETTINGS}</arg>
<doc>Waits until element specified with `locator` appears on current page.</doc>
<status status="PASS" starttime="20220620 15:10:37.676" endtime="20220620 15:10:37.841"/>
</kw>
<status status="PASS" starttime="20220620 15:10:37.502" endtime="20220620 15:10:37.841"/>
</kw>
<status status="PASS" starttime="20220620 15:10:30.157" endtime="20220620 15:10:37.843"/>
</test>
<test id="s1-s2-t6" name="Logout Account" line="23">
<kw name="DETAIL ACCOUNT" library="config">
<kw name="Click Element" library="AppiumLibrary">
<arg>${MAIN-SETTINGS-BUTTON}</arg>
<doc>Click element identified by `locator`.</doc>
<msg timestamp="20220620 15:10:37.857" level="INFO">Clicking element 'id=com.sequis.neu.polisku:id/settings'.</msg>
<status status="PASS" starttime="20220620 15:10:37.848" endtime="20220620 15:10:38.149"/>
</kw>
<kw name="Wait Until Element Is Visible" library="AppiumLibrary">
<arg>${MAIN-LIHATAKUN-BUTTON}</arg>
<arg>timeout=10</arg>
<doc>Waits until element specified with `locator` is visible.</doc>
<status status="PASS" starttime="20220620 15:10:38.150" endtime="20220620 15:10:40.426"/>
</kw>
<kw name="Click Element" library="AppiumLibrary">
<arg>${MAIN-LIHATAKUN-BUTTON}</arg>
<doc>Click element identified by `locator`.</doc>
<msg timestamp="20220620 15:10:40.436" level="INFO">Clicking element 'id=com.sequis.neu.polisku:id/lihatAkun'.</msg>
<status status="PASS" starttime="20220620 15:10:40.426" endtime="20220620 15:10:40.635"/>
</kw>
<kw name="Wait Until Element Is Visible" library="AppiumLibrary">
<arg>${MAIN-DETAIL-ACCOUNT}</arg>
<arg>timeout=10</arg>
<doc>Waits until element specified with `locator` is visible.</doc>
<status status="PASS" starttime="20220620 15:10:40.635" endtime="20220620 15:10:42.242"/>
</kw>
<status status="PASS" starttime="20220620 15:10:37.847" endtime="20220620 15:10:42.243"/>
</kw>
<kw name="Click the logout button" library="config">
<kw name="Click Element" library="AppiumLibrary">
<arg>${MAIN-SIGNOUT-BUTTON}</arg>
<doc>Click element identified by `locator`.</doc>
<msg timestamp="20220620 15:10:42.254" level="INFO">Clicking element '//android.widget.Button[@text='SIGN OUT']'.</msg>
<status status="PASS" starttime="20220620 15:10:42.245" endtime="20220620 15:10:42.556"/>
</kw>
<kw name="Wait Until Element Is Visible" library="AppiumLibrary">
<arg>${MAIN-LOGOUT-POPUP}</arg>
<arg>timeout=10</arg>
<doc>Waits until element specified with `locator` is visible.</doc>
<status status="PASS" starttime="20220620 15:10:42.557" endtime="20220620 15:10:43.508"/>
</kw>
<kw name="Click Element" library="AppiumLibrary">
<arg>${MAIN-SIGNOUT-BUTTON2}</arg>
<doc>Click element identified by `locator`.</doc>
<msg timestamp="20220620 15:10:43.517" level="INFO">Clicking element 'id=android:id/button1'.</msg>
<status status="PASS" starttime="20220620 15:10:43.508" endtime="20220620 15:10:44.267"/>
</kw>
<status status="PASS" starttime="20220620 15:10:42.244" endtime="20220620 15:10:44.267"/>
</kw>
<status status="PASS" starttime="20220620 15:10:37.846" endtime="20220620 15:10:44.268"/>
</test>
<test id="s1-s2-t7" name="BACK TO LANDING PAGE" line="27">
<kw name="GO TO LANDING PAGE" library="config">
<kw name="Wait Until Element Is Visible" library="AppiumLibrary">
<arg>${LANDING-SequizLogo}</arg>
<arg>timeout=20</arg>
<doc>Waits until element specified with `locator` is visible.</doc>
<status status="PASS" starttime="20220620 15:10:44.275" endtime="20220620 15:10:48.713"/>
</kw>
<kw name="Wait Until Element Is Visible" library="AppiumLibrary">
<arg>${LANDING-GMAIL-BUTTON}</arg>
<arg>timeout=20</arg>
<doc>Waits until element specified with `locator` is visible.</doc>
<status status="PASS" starttime="20220620 15:10:48.714" endtime="20220620 15:10:48.828"/>
</kw>
<status status="PASS" starttime="20220620 15:10:44.273" endtime="20220620 15:10:48.829"/>
</kw>
<status status="PASS" starttime="20220620 15:10:44.272" endtime="20220620 15:10:48.831"/>
</test>
<test id="s1-s2-t8" name="Close Application" line="30">
<kw name="Close Sequiz App" library="config">
<kw name="Close Application" library="AppiumLibrary">
<doc>Closes the current application and also close webdriver session.</doc>
<status status="PASS" starttime="20220620 15:10:48.838" endtime="20220620 15:10:49.864"/>
</kw>
<status status="PASS" starttime="20220620 15:10:48.837" endtime="20220620 15:10:49.864"/>
</kw>
<status status="PASS" starttime="20220620 15:10:48.834" endtime="20220620 15:10:49.867"/>
</test>
<status status="PASS" starttime="20220620 15:09:58.945" endtime="20220620 15:10:49.874"/>
</suite>
<suite id="s1-s3" name="LoginGmailButton" source="D:\SEQUIS\android_project\Tests\LoginGmailButton.robot">
<test id="s1-s3-t1" name="Landing Page" line="6">
<kw name="Open Sequiz App On Android" library="config">
<kw name="Open Application" library="AppiumLibrary">
<arg>http://localhost:4723/wd/hub</arg>
<arg>automationName=UIAutomator2</arg>
<arg>platformName=Android</arg>
<arg>deviceName=emulator-5554</arg>
<arg>appPackage=com.sequis.neu.polisku</arg>
<arg>appActivity=com.sequis.neu.polisku.SplashScreenActivity</arg>
<doc>Opens a new application to given Appium server.
Capabilities of appium server, Android and iOS,
Please check https://github.com/appium/appium/blob/master/docs/en/writing-running-appium/server-args.md
| *Option*            | *Man.* | *Description*     |
| remote_url          | Yes    | Appium server url |
| alias               | no     | alias             |</doc>
<status status="PASS" starttime="20220620 15:10:49.924" endtime="20220620 15:11:03.774"/>
</kw>
<status status="PASS" starttime="20220620 15:10:49.923" endtime="20220620 15:11:03.775"/>
</kw>
<kw name="Landing Page" library="config">
<kw name="Wait Until Element Is Visible" library="AppiumLibrary">
<arg>${LANDING-SplashLogo}</arg>
<arg>timeout=20</arg>
<doc>Waits until element specified with `locator` is visible.</doc>
<status status="PASS" starttime="20220620 15:11:03.778" endtime="20220620 15:11:04.450"/>
</kw>
<kw name="Wait Until Element Is Visible" library="AppiumLibrary">
<arg>${LANDING-SequizLogo}</arg>
<arg>timeout=20</arg>
<doc>Waits until element specified with `locator` is visible.</doc>
<status status="PASS" starttime="20220620 15:11:04.450" endtime="20220620 15:11:13.678"/>
</kw>
<status status="PASS" starttime="20220620 15:11:03.776" endtime="20220620 15:11:13.679"/>
</kw>
<status status="PASS" starttime="20220620 15:10:49.917" endtime="20220620 15:11:13.680"/>
</test>
<test id="s1-s3-t2" name="Click Gmail Button" line="10">
<kw name="Click Gmail Button" library="config">
<kw name="Click Element" library="AppiumLibrary">
<arg>${LANDING-GMAIL-BUTTON}</arg>
<doc>Click element identified by `locator`.</doc>
<msg timestamp="20220620 15:11:13.695" level="INFO">Clicking element 'id=com.sequis.neu.polisku:id/containerGoogle'.</msg>
<status status="PASS" starttime="20220620 15:11:13.685" endtime="20220620 15:11:13.909"/>
</kw>
<status status="PASS" starttime="20220620 15:11:13.684" endtime="20220620 15:11:13.909"/>
</kw>
<status status="PASS" starttime="20220620 15:11:13.683" endtime="20220620 15:11:13.911"/>
</test>
<test id="s1-s3-t3" name="Choose Gmail Account" line="13">
<kw name="Verify Gmail Popup Is Displayed" library="config">
<kw name="Wait Until Element Is Visible" library="AppiumLibrary">
<arg>${Login-GMAIL-POPUP}</arg>
<arg>timeout=20</arg>
<doc>Waits until element specified with `locator` is visible.</doc>
<status status="PASS" starttime="20220620 15:11:13.917" endtime="20220620 15:11:19.412"/>
</kw>
<status status="PASS" starttime="20220620 15:11:13.915" endtime="20220620 15:11:19.412"/>
</kw>
<kw name="Choose Gmail Account" library="config">
<kw name="Click Element" library="AppiumLibrary">
<arg>${Login-GMAIL-ACCOUNT}</arg>
<doc>Click element identified by `locator`.</doc>
<msg timestamp="20220620 15:11:19.422" level="INFO">Clicking element 'id=com.google.android.gms:id/container'.</msg>
<status status="PASS" starttime="20220620 15:11:19.415" endtime="20220620 15:11:19.625"/>
</kw>
<status status="PASS" starttime="20220620 15:11:19.414" endtime="20220620 15:11:19.626"/>
</kw>
<status status="PASS" starttime="20220620 15:11:13.913" endtime="20220620 15:11:19.630"/>
</test>
<test id="s1-s3-t4" name="Verify Login Gmail Is Successful" line="17">
<kw name="GO TO PROFILE PAGE" library="config">
<kw name="Wait Until Element Is Visible" library="AppiumLibrary">
<arg>${MAIN-PIN-IMAGE}</arg>
<arg>timeout=20</arg>
<doc>Waits until element specified with `locator` is visible.</doc>
<status status="PASS" starttime="20220620 15:11:19.638" endtime="20220620 15:11:27.186"/>
</kw>
<kw name="Click Element" library="AppiumLibrary">
<arg>${MAIN-PINCLOSE-BUTTON}</arg>
<doc>Click element identified by `locator`.</doc>
<msg timestamp="20220620 15:11:27.201" level="INFO">Clicking element 'id=com.sequis.neu.polisku:id/close'.</msg>
<status status="PASS" starttime="20220620 15:11:27.187" endtime="20220620 15:11:27.500"/>
</kw>
<status status="PASS" starttime="20220620 15:11:19.637" endtime="20220620 15:11:27.501"/>
</kw>
<kw name="VERIFY PROFILE PAGE" library="config">
<kw name="Wait Until Page Contains Element" library="AppiumLibrary">
<arg>${MAIN-ICON-INBOX}</arg>
<arg>timeout=20</arg>
<doc>Waits until element specified with `locator` appears on current page.</doc>
<status status="PASS" starttime="20220620 15:11:27.506" endtime="20220620 15:11:28.600"/>
</kw>
<kw name="Wait Until Page Contains Element" library="AppiumLibrary">
<arg>${MAIN-ICON-SETTINGS}</arg>
<doc>Waits until element specified with `locator` appears on current page.</doc>
<status status="PASS" starttime="20220620 15:11:28.600" endtime="20220620 15:11:28.710"/>
</kw>
<status status="PASS" starttime="20220620 15:11:27.504" endtime="20220620 15:11:28.710"/>
</kw>
<status status="PASS" starttime="20220620 15:11:19.634" endtime="20220620 15:11:28.712"/>
</test>
<test id="s1-s3-t5" name="Logout Account" line="21">
<kw name="DETAIL ACCOUNT" library="config">
<kw name="Click Element" library="AppiumLibrary">
<arg>${MAIN-SETTINGS-BUTTON}</arg>
<doc>Click element identified by `locator`.</doc>
<msg timestamp="20220620 15:11:28.726" level="INFO">Clicking element 'id=com.sequis.neu.polisku:id/settings'.</msg>
<status status="PASS" starttime="20220620 15:11:28.719" endtime="20220620 15:11:28.973"/>
</kw>
<kw name="Wait Until Element Is Visible" library="AppiumLibrary">
<arg>${MAIN-LIHATAKUN-BUTTON}</arg>
<arg>timeout=10</arg>
<doc>Waits until element specified with `locator` is visible.</doc>
<status status="PASS" starttime="20220620 15:11:28.973" endtime="20220620 15:11:30.960"/>
</kw>
<kw name="Click Element" library="AppiumLibrary">
<arg>${MAIN-LIHATAKUN-BUTTON}</arg>
<doc>Click element identified by `locator`.</doc>
<msg timestamp="20220620 15:11:30.971" level="INFO">Clicking element 'id=com.sequis.neu.polisku:id/lihatAkun'.</msg>
<status status="PASS" starttime="20220620 15:11:30.960" endtime="20220620 15:11:31.167"/>
</kw>
<kw name="Wait Until Element Is Visible" library="AppiumLibrary">
<arg>${MAIN-DETAIL-ACCOUNT}</arg>
<arg>timeout=10</arg>
<doc>Waits until element specified with `locator` is visible.</doc>
<status status="PASS" starttime="20220620 15:11:31.167" endtime="20220620 15:11:32.736"/>
</kw>
<status status="PASS" starttime="20220620 15:11:28.718" endtime="20220620 15:11:32.736"/>
</kw>
<kw name="Click the logout button" library="config">
<kw name="Click Element" library="AppiumLibrary">
<arg>${MAIN-SIGNOUT-BUTTON}</arg>
<doc>Click element identified by `locator`.</doc>
<msg timestamp="20220620 15:11:32.749" level="INFO">Clicking element '//android.widget.Button[@text='SIGN OUT']'.</msg>
<status status="PASS" starttime="20220620 15:11:32.738" endtime="20220620 15:11:33.051"/>
</kw>
<kw name="Wait Until Element Is Visible" library="AppiumLibrary">
<arg>${MAIN-LOGOUT-POPUP}</arg>
<arg>timeout=10</arg>
<doc>Waits until element specified with `locator` is visible.</doc>
<status status="PASS" starttime="20220620 15:11:33.052" endtime="20220620 15:11:34.074"/>
</kw>
<kw name="Click Element" library="AppiumLibrary">
<arg>${MAIN-SIGNOUT-BUTTON2}</arg>
<doc>Click element identified by `locator`.</doc>
<msg timestamp="20220620 15:11:34.083" level="INFO">Clicking element 'id=android:id/button1'.</msg>
<status status="PASS" starttime="20220620 15:11:34.074" endtime="20220620 15:11:34.259"/>
</kw>
<status status="PASS" starttime="20220620 15:11:32.737" endtime="20220620 15:11:34.260"/>
</kw>
<status status="PASS" starttime="20220620 15:11:28.715" endtime="20220620 15:11:34.263"/>
</test>
<test id="s1-s3-t6" name="BACK TO LANDING PAGE" line="25">
<kw name="GO TO LANDING PAGE" library="config">
<kw name="Wait Until Element Is Visible" library="AppiumLibrary">
<arg>${LANDING-SequizLogo}</arg>
<arg>timeout=20</arg>
<doc>Waits until element specified with `locator` is visible.</doc>
<status status="PASS" starttime="20220620 15:11:34.275" endtime="20220620 15:11:37.552"/>
</kw>
<kw name="Wait Until Element Is Visible" library="AppiumLibrary">
<arg>${LANDING-GMAIL-BUTTON}</arg>
<arg>timeout=20</arg>
<doc>Waits until element specified with `locator` is visible.</doc>
<status status="PASS" starttime="20220620 15:11:37.552" endtime="20220620 15:11:37.673"/>
</kw>
<status status="PASS" starttime="20220620 15:11:34.274" endtime="20220620 15:11:37.674"/>
</kw>
<status status="PASS" starttime="20220620 15:11:34.272" endtime="20220620 15:11:37.676"/>
</test>
<test id="s1-s3-t7" name="Close Application" line="28">
<kw name="Close Sequiz App" library="config">
<kw name="Close Application" library="AppiumLibrary">
<doc>Closes the current application and also close webdriver session.</doc>
<status status="PASS" starttime="20220620 15:11:37.683" endtime="20220620 15:11:38.650"/>
</kw>
<status status="PASS" starttime="20220620 15:11:37.681" endtime="20220620 15:11:38.651"/>
</kw>
<status status="PASS" starttime="20220620 15:11:37.679" endtime="20220620 15:11:38.653"/>
</test>
<status status="PASS" starttime="20220620 15:10:49.882" endtime="20220620 15:11:38.660"/>
</suite>
<suite id="s1-s4" name="LoginPhone" source="D:\SEQUIS\android_project\Tests\LoginPhone.robot">
<test id="s1-s4-t1" name="Landing Page" line="6">
<kw name="Open Sequiz App On Android" library="config">
<kw name="Open Application" library="AppiumLibrary">
<arg>http://localhost:4723/wd/hub</arg>
<arg>automationName=UIAutomator2</arg>
<arg>platformName=Android</arg>
<arg>deviceName=emulator-5554</arg>
<arg>appPackage=com.sequis.neu.polisku</arg>
<arg>appActivity=com.sequis.neu.polisku.SplashScreenActivity</arg>
<doc>Opens a new application to given Appium server.
Capabilities of appium server, Android and iOS,
Please check https://github.com/appium/appium/blob/master/docs/en/writing-running-appium/server-args.md
| *Option*            | *Man.* | *Description*     |
| remote_url          | Yes    | Appium server url |
| alias               | no     | alias             |</doc>
<status status="PASS" starttime="20220620 15:11:38.716" endtime="20220620 15:11:52.567"/>
</kw>
<status status="PASS" starttime="20220620 15:11:38.715" endtime="20220620 15:11:52.568"/>
</kw>
<kw name="Landing Page" library="config">
<kw name="Wait Until Element Is Visible" library="AppiumLibrary">
<arg>${LANDING-SplashLogo}</arg>
<arg>timeout=20</arg>
<doc>Waits until element specified with `locator` is visible.</doc>
<status status="PASS" starttime="20220620 15:11:52.571" endtime="20220620 15:11:53.237"/>
</kw>
<kw name="Wait Until Element Is Visible" library="AppiumLibrary">
<arg>${LANDING-SequizLogo}</arg>
<arg>timeout=20</arg>
<doc>Waits until element specified with `locator` is visible.</doc>
<status status="PASS" starttime="20220620 15:11:53.238" endtime="20220620 15:12:02.697"/>
</kw>
<status status="PASS" starttime="20220620 15:11:52.569" endtime="20220620 15:12:02.698"/>
</kw>
<status status="PASS" starttime="20220620 15:11:38.713" endtime="20220620 15:12:02.699"/>
</test>
<test id="s1-s4-t2" name="Click Button" line="10">
<kw name="Click Masuk Button" library="config">
<kw name="Click Element" library="AppiumLibrary">
<arg>${LANDING-LOGIN-BUTTON}</arg>
<doc>Click element identified by `locator`.</doc>
<msg timestamp="20220620 15:12:02.717" level="INFO">Clicking element 'id=com.sequis.neu.polisku:id/daftar_sekarang'.</msg>
<status status="PASS" starttime="20220620 15:12:02.707" endtime="20220620 15:12:03.420"/>
</kw>
<status status="PASS" starttime="20220620 15:12:02.706" endtime="20220620 15:12:03.421"/>
</kw>
<status status="PASS" starttime="20220620 15:12:02.704" endtime="20220620 15:12:03.422"/>
</test>
<test id="s1-s4-t3" name="GO TO LOGIN PHONE PAGE" line="13">
<kw name="Verify Login Phone Field Is Displayed" library="config">
<kw name="Wait Until Page Contains Element" library="AppiumLibrary">
<arg>${Login-Masuk-TEXT}</arg>
<arg>timeout=20</arg>
<doc>Waits until element specified with `locator` appears on current page.</doc>
<status status="PASS" starttime="20220620 15:12:03.430" endtime="20220620 15:12:05.629"/>
</kw>
<kw name="Wait Until Page Contains Element" library="AppiumLibrary">
<arg>${Login-PHONE-FIELD}</arg>
<arg>timeout=20</arg>
<doc>Waits until element specified with `locator` appears on current page.</doc>
<status status="PASS" starttime="20220620 15:12:05.629" endtime="20220620 15:12:05.973"/>
</kw>
<status status="PASS" starttime="20220620 15:12:03.429" endtime="20220620 15:12:05.974"/>
</kw>
<status status="PASS" starttime="20220620 15:12:03.427" endtime="20220620 15:12:05.976"/>
</test>
<test id="s1-s4-t4" name="INPUT Phone" line="16">
<kw name="Login With Phone User" library="config">
<arg>${USER2-PHONE}[phone]</arg>
<arg>${USER2-PHONE}[password]</arg>
<kw name="Input User Phone" library="config">
<arg>${PHONE}</arg>
<kw name="Input Text" library="AppiumLibrary">
<arg>${Login-PHONE-FIELD}</arg>
<arg>${PHONE}</arg>
<doc>Types the given `text` into text field identified by `locator`.</doc>
<msg timestamp="20220620 15:12:05.998" level="INFO">Typing text '87855315005' into text field '//android.widget.EditText[@text='No handphone']'</msg>
<status status="PASS" starttime="20220620 15:12:05.985" endtime="20220620 15:12:06.403"/>
</kw>
<status status="PASS" starttime="20220620 15:12:05.984" endtime="20220620 15:12:06.404"/>
</kw>
<kw name="Input User Password" library="config">
<arg>${USERPASSWORD}</arg>
<kw name="Input Text" library="AppiumLibrary">
<arg>${Login-PASSWORD-FIELD}</arg>
<arg>${USERPASSWORD}</arg>
<doc>Types the given `text` into text field identified by `locator`.</doc>
<msg timestamp="20220620 15:12:06.419" level="INFO">Typing text 'Admin123' into text field '//android.widget.EditText[@text='Password']'</msg>
<status status="PASS" starttime="20220620 15:12:06.407" endtime="20220620 15:12:07.115"/>
</kw>
<status status="PASS" starttime="20220620 15:12:06.405" endtime="20220620 15:12:07.115"/>
</kw>
<kw name="Submit Login" library="config">
<kw name="Click Element" library="AppiumLibrary">
<arg>${Login-SUMBIT-BUTTON}</arg>
<doc>Click element identified by `locator`.</doc>
<msg timestamp="20220620 15:12:07.124" level="INFO">Clicking element 'id=com.sequis.neu.polisku:id/daftar'.</msg>
<status status="PASS" starttime="20220620 15:12:07.117" endtime="20220620 15:12:08.660"/>
</kw>
<status status="PASS" starttime="20220620 15:12:07.115" endtime="20220620 15:12:08.660"/>
</kw>
<kw name="Verify Login Is Successful" library="config">
<kw name="Wait Until Page Contains Element" library="AppiumLibrary">
<arg>${MAIN-PIN-IMAGE}</arg>
<doc>Waits until element specified with `locator` appears on current page.</doc>
<status status="PASS" starttime="20220620 15:12:08.662" endtime="20220620 15:12:12.605"/>
</kw>
<status status="PASS" starttime="20220620 15:12:08.661" endtime="20220620 15:12:12.606"/>
</kw>
<status status="PASS" starttime="20220620 15:12:05.981" endtime="20220620 15:12:12.606"/>
</kw>
<status status="PASS" starttime="20220620 15:12:05.980" endtime="20220620 15:12:12.608"/>
</test>
<test id="s1-s4-t5" name="Verify LoginPhone Is Successful" line="19">
<kw name="GO TO PROFILE PAGE" library="config">
<kw name="Wait Until Element Is Visible" library="AppiumLibrary">
<arg>${MAIN-PIN-IMAGE}</arg>
<arg>timeout=20</arg>
<doc>Waits until element specified with `locator` is visible.</doc>
<status status="PASS" starttime="20220620 15:12:12.613" endtime="20220620 15:12:12.728"/>
</kw>
<kw name="Click Element" library="AppiumLibrary">
<arg>${MAIN-PINCLOSE-BUTTON}</arg>
<doc>Click element identified by `locator`.</doc>
<msg timestamp="20220620 15:12:12.735" level="INFO">Clicking element 'id=com.sequis.neu.polisku:id/close'.</msg>
<status status="PASS" starttime="20220620 15:12:12.728" endtime="20220620 15:12:13.948"/>
</kw>
<status status="PASS" starttime="20220620 15:12:12.612" endtime="20220620 15:12:13.948"/>
</kw>
<kw name="VERIFY PROFILE PAGE" library="config">
<kw name="Wait Until Page Contains Element" library="AppiumLibrary">
<arg>${MAIN-ICON-INBOX}</arg>
<arg>timeout=20</arg>
<doc>Waits until element specified with `locator` appears on current page.</doc>
<status status="PASS" starttime="20220620 15:12:13.951" endtime="20220620 15:12:14.122"/>
</kw>
<kw name="Wait Until Page Contains Element" library="AppiumLibrary">
<arg>${MAIN-ICON-SETTINGS}</arg>
<doc>Waits until element specified with `locator` appears on current page.</doc>
<status status="PASS" starttime="20220620 15:12:14.123" endtime="20220620 15:12:15.046"/>
</kw>
<status status="PASS" starttime="20220620 15:12:13.950" endtime="20220620 15:12:15.047"/>
</kw>
<status status="PASS" starttime="20220620 15:12:12.611" endtime="20220620 15:12:15.048"/>
</test>
<test id="s1-s4-t6" name="Logout Account" line="23">
<kw name="DETAIL ACCOUNT" library="config">
<kw name="Click Element" library="AppiumLibrary">
<arg>${MAIN-SETTINGS-BUTTON}</arg>
<doc>Click element identified by `locator`.</doc>
<msg timestamp="20220620 15:12:15.061" level="INFO">Clicking element 'id=com.sequis.neu.polisku:id/settings'.</msg>
<status status="PASS" starttime="20220620 15:12:15.054" endtime="20220620 15:12:15.313"/>
</kw>
<kw name="Wait Until Element Is Visible" library="AppiumLibrary">
<arg>${MAIN-LIHATAKUN-BUTTON}</arg>
<arg>timeout=10</arg>
<doc>Waits until element specified with `locator` is visible.</doc>
<status status="PASS" starttime="20220620 15:12:15.313" endtime="20220620 15:12:17.492"/>
</kw>
<kw name="Click Element" library="AppiumLibrary">
<arg>${MAIN-LIHATAKUN-BUTTON}</arg>
<doc>Click element identified by `locator`.</doc>
<msg timestamp="20220620 15:12:17.502" level="INFO">Clicking element 'id=com.sequis.neu.polisku:id/lihatAkun'.</msg>
<status status="PASS" starttime="20220620 15:12:17.493" endtime="20220620 15:12:17.674"/>
</kw>
<kw name="Wait Until Element Is Visible" library="AppiumLibrary">
<arg>${MAIN-DETAIL-ACCOUNT}</arg>
<arg>timeout=10</arg>
<doc>Waits until element specified with `locator` is visible.</doc>
<status status="PASS" starttime="20220620 15:12:17.675" endtime="20220620 15:12:19.315"/>
</kw>
<status status="PASS" starttime="20220620 15:12:15.053" endtime="20220620 15:12:19.315"/>
</kw>
<kw name="Click the logout button" library="config">
<kw name="Click Element" library="AppiumLibrary">
<arg>${MAIN-SIGNOUT-BUTTON}</arg>
<doc>Click element identified by `locator`.</doc>
<msg timestamp="20220620 15:12:19.327" level="INFO">Clicking element '//android.widget.Button[@text='SIGN OUT']'.</msg>
<status status="PASS" starttime="20220620 15:12:19.318" endtime="20220620 15:12:19.610"/>
</kw>
<kw name="Wait Until Element Is Visible" library="AppiumLibrary">
<arg>${MAIN-LOGOUT-POPUP}</arg>
<arg>timeout=10</arg>
<doc>Waits until element specified with `locator` is visible.</doc>
<status status="PASS" starttime="20220620 15:12:19.611" endtime="20220620 15:12:20.622"/>
</kw>
<kw name="Click Element" library="AppiumLibrary">
<arg>${MAIN-SIGNOUT-BUTTON2}</arg>
<doc>Click element identified by `locator`.</doc>
<msg timestamp="20220620 15:12:20.628" level="INFO">Clicking element 'id=android:id/button1'.</msg>
<status status="PASS" starttime="20220620 15:12:20.622" endtime="20220620 15:12:21.612"/>
</kw>
<status status="PASS" starttime="20220620 15:12:19.317" endtime="20220620 15:12:21.613"/>
</kw>
<status status="PASS" starttime="20220620 15:12:15.052" endtime="20220620 15:12:21.617"/>
</test>
<test id="s1-s4-t7" name="BACK TO LANDING PAGE" line="27">
<kw name="GO TO LANDING PAGE" library="config">
<kw name="Wait Until Element Is Visible" library="AppiumLibrary">
<arg>${LANDING-SequizLogo}</arg>
<arg>timeout=20</arg>
<doc>Waits until element specified with `locator` is visible.</doc>
<status status="PASS" starttime="20220620 15:12:21.624" endtime="20220620 15:12:24.237"/>
</kw>
<kw name="Wait Until Element Is Visible" library="AppiumLibrary">
<arg>${LANDING-GMAIL-BUTTON}</arg>
<arg>timeout=20</arg>
<doc>Waits until element specified with `locator` is visible.</doc>
<status status="PASS" starttime="20220620 15:12:24.237" endtime="20220620 15:12:24.354"/>
</kw>
<status status="PASS" starttime="20220620 15:12:21.623" endtime="20220620 15:12:24.354"/>
</kw>
<status status="PASS" starttime="20220620 15:12:21.621" endtime="20220620 15:12:24.356"/>
</test>
<test id="s1-s4-t8" name="Close Application" line="30">
<kw name="Close Sequiz App" library="config">
<kw name="Close Application" library="AppiumLibrary">
<doc>Closes the current application and also close webdriver session.</doc>
<status status="PASS" starttime="20220620 15:12:24.363" endtime="20220620 15:12:25.432"/>
</kw>
<status status="PASS" starttime="20220620 15:12:24.362" endtime="20220620 15:12:25.434"/>
</kw>
<status status="PASS" starttime="20220620 15:12:24.359" endtime="20220620 15:12:25.435"/>
</test>
<status status="PASS" starttime="20220620 15:11:38.672" endtime="20220620 15:12:25.439"/>
</suite>
<suite id="s1-s5" name="Open App" source="D:\SEQUIS\android_project\Tests\Open_App.robot">
<test id="s1-s5-t1" name="Landing Page" line="6">
<kw name="Open Sequiz App On Android" library="config">
<kw name="Open Application" library="AppiumLibrary">
<arg>http://localhost:4723/wd/hub</arg>
<arg>automationName=UIAutomator2</arg>
<arg>platformName=Android</arg>
<arg>deviceName=emulator-5554</arg>
<arg>appPackage=com.sequis.neu.polisku</arg>
<arg>appActivity=com.sequis.neu.polisku.SplashScreenActivity</arg>
<doc>Opens a new application to given Appium server.
Capabilities of appium server, Android and iOS,
Please check https://github.com/appium/appium/blob/master/docs/en/writing-running-appium/server-args.md
| *Option*            | *Man.* | *Description*     |
| remote_url          | Yes    | Appium server url |
| alias               | no     | alias             |</doc>
<status status="PASS" starttime="20220620 15:12:25.487" endtime="20220620 15:12:39.510"/>
</kw>
<status status="PASS" starttime="20220620 15:12:25.484" endtime="20220620 15:12:39.510"/>
</kw>
<kw name="Landing Page" library="config">
<kw name="Wait Until Element Is Visible" library="AppiumLibrary">
<arg>${LANDING-SplashLogo}</arg>
<arg>timeout=20</arg>
<doc>Waits until element specified with `locator` is visible.</doc>
<status status="PASS" starttime="20220620 15:12:39.512" endtime="20220620 15:12:40.172"/>
</kw>
<kw name="Wait Until Element Is Visible" library="AppiumLibrary">
<arg>${LANDING-SequizLogo}</arg>
<arg>timeout=20</arg>
<doc>Waits until element specified with `locator` is visible.</doc>
<status status="PASS" starttime="20220620 15:12:40.173" endtime="20220620 15:12:49.749"/>
</kw>
<status status="PASS" starttime="20220620 15:12:39.511" endtime="20220620 15:12:49.750"/>
</kw>
<status status="PASS" starttime="20220620 15:12:25.482" endtime="20220620 15:12:49.752"/>
</test>
<status status="PASS" starttime="20220620 15:12:25.446" endtime="20220620 15:12:49.754"/>
</suite>
<suite id="s1-s6" name="RegisterEmail" source="D:\SEQUIS\android_project\Tests\RegisterEmail.robot">
<test id="s1-s6-t1" name="Landing Page" line="6">
<kw name="Open Sequiz App On Android" library="config">
<kw name="Open Application" library="AppiumLibrary">
<arg>http://localhost:4723/wd/hub</arg>
<arg>automationName=UIAutomator2</arg>
<arg>platformName=Android</arg>
<arg>deviceName=emulator-5554</arg>
<arg>appPackage=com.sequis.neu.polisku</arg>
<arg>appActivity=com.sequis.neu.polisku.SplashScreenActivity</arg>
<doc>Opens a new application to given Appium server.
Capabilities of appium server, Android and iOS,
Please check https://github.com/appium/appium/blob/master/docs/en/writing-running-appium/server-args.md
| *Option*            | *Man.* | *Description*     |
| remote_url          | Yes    | Appium server url |
| alias               | no     | alias             |</doc>
<status status="PASS" starttime="20220620 15:12:49.788" endtime="20220620 15:13:05.842"/>
</kw>
<status status="PASS" starttime="20220620 15:12:49.787" endtime="20220620 15:13:05.843"/>
</kw>
<kw name="Landing Page" library="config">
<kw name="Wait Until Element Is Visible" library="AppiumLibrary">
<arg>${LANDING-SplashLogo}</arg>
<arg>timeout=20</arg>
<doc>Waits until element specified with `locator` is visible.</doc>
<status status="PASS" starttime="20220620 15:13:05.845" endtime="20220620 15:13:06.523"/>
</kw>
<kw name="Wait Until Element Is Visible" library="AppiumLibrary">
<arg>${LANDING-SequizLogo}</arg>
<arg>timeout=20</arg>
<doc>Waits until element specified with `locator` is visible.</doc>
<status status="PASS" starttime="20220620 15:13:06.524" endtime="20220620 15:13:16.311"/>
</kw>
<status status="PASS" starttime="20220620 15:13:05.844" endtime="20220620 15:13:16.311"/>
</kw>
<status status="PASS" starttime="20220620 15:12:49.785" endtime="20220620 15:13:16.313"/>
</test>
<test id="s1-s6-t2" name="GO TO EMAIL REGISTER PAGE" line="10">
<kw name="Verify Register Email Field Is Displayed" library="config">
<kw name="Click Element" library="AppiumLibrary">
<arg>${LANDING-DAFTAR-BUTTON}</arg>
<doc>Click element identified by `locator`.</doc>
<msg timestamp="20220620 15:13:16.331" level="INFO">Clicking element 'id=com.sequis.neu.polisku:id/register'.</msg>
<status status="PASS" starttime="20220620 15:13:16.318" endtime="20220620 15:13:16.546"/>
</kw>
<kw name="Click Element" library="AppiumLibrary">
<arg>${REGISTER-EMAIL-TAB}</arg>
<doc>Click element identified by `locator`.</doc>
<msg timestamp="20220620 15:13:16.560" level="INFO">Clicking element '//android.widget.TextView[@text='Email']'.</msg>
<status status="PASS" starttime="20220620 15:13:16.546" endtime="20220620 15:13:18.870"/>
</kw>
<kw name="Wait Until Page Contains Element" library="AppiumLibrary">
<arg>${REGISTER-EMAIL-TEXT}</arg>
<arg>timeout=20</arg>
<doc>Waits until element specified with `locator` appears on current page.</doc>
<status status="PASS" starttime="20220620 15:13:18.870" endtime="20220620 15:13:19.014"/>
</kw>
<kw name="Wait Until Page Contains Element" library="AppiumLibrary">
<arg>${REGISTER-DAFTAR-TEXT}</arg>
<arg>timeout=20</arg>
<doc>Waits until element specified with `locator` appears on current page.</doc>
<status status="PASS" starttime="20220620 15:13:19.015" endtime="20220620 15:13:19.734"/>
</kw>
<status status="PASS" starttime="20220620 15:13:16.317" endtime="20220620 15:13:19.734"/>
</kw>
<status status="PASS" starttime="20220620 15:13:16.315" endtime="20220620 15:13:19.736"/>
</test>
<test id="s1-s6-t3" name="INPUT REGISTER EMAIL USER" line="13">
<kw name="Register With Email User" library="config">
<arg>${USER3-DETAILS}[email]</arg>
<kw name="Input Text" library="AppiumLibrary">
<arg>${REGISTER-EMAIL-FIELD}</arg>
<arg>${EMAIL}</arg>
<doc>Types the given `text` into text field identified by `locator`.</doc>
<msg timestamp="20220620 15:13:19.755" level="INFO">Typing text 'titoto@gmail.com' into text field '//android.widget.EditText[@text='Alamat email']'</msg>
<status status="PASS" starttime="20220620 15:13:19.744" endtime="20220620 15:13:20.561"/>
</kw>
<kw name="Submit Register" library="config">
<kw name="Wait Until Element Is Visible" library="AppiumLibrary">
<arg>${REGISTER-LANJUT-BUTTON}</arg>
<doc>Waits until element specified with `locator` is visible.</doc>
<status status="PASS" starttime="20220620 15:13:20.562" endtime="20220620 15:13:21.131"/>
</kw>
<kw name="Click Element" library="AppiumLibrary">
<arg>${REGISTER-LANJUT-BUTTON}</arg>
<doc>Click element identified by `locator`.</doc>
<msg timestamp="20220620 15:13:21.137" level="INFO">Clicking element 'id=com.sequis.neu.polisku:id/daftar'.</msg>
<status status="PASS" starttime="20220620 15:13:21.131" endtime="20220620 15:13:21.780"/>
</kw>
<status status="PASS" starttime="20220620 15:13:20.562" endtime="20220620 15:13:21.780"/>
</kw>
<status status="PASS" starttime="20220620 15:13:19.743" endtime="20220620 15:13:21.781"/>
</kw>
<status status="PASS" starttime="20220620 15:13:19.741" endtime="20220620 15:13:21.782"/>
</test>
<test id="s1-s6-t4" name="GO TO VERIFY PAGE" line="16">
<kw name="Verify OTP Email Register Page" library="config">
<kw name="Wait Until Element Is Visible" library="AppiumLibrary">
<arg>${REGISTER-VERIFIKASI}</arg>
<arg>timeout=20</arg>
<doc>Waits until element specified with `locator` is visible.</doc>
<status status="PASS" starttime="20220620 15:13:21.788" endtime="20220620 15:13:23.969"/>
</kw>
<status status="PASS" starttime="20220620 15:13:21.786" endtime="20220620 15:13:23.969"/>
</kw>
<status status="PASS" starttime="20220620 15:13:21.785" endtime="20220620 15:13:23.971"/>
</test>
<test id="s1-s6-t5" name="Close Application" line="19">
<kw name="Close Sequiz App" library="config">
<kw name="Close Application" library="AppiumLibrary">
<doc>Closes the current application and also close webdriver session.</doc>
<status status="PASS" starttime="20220620 15:13:23.977" endtime="20220620 15:13:25.201"/>
</kw>
<status status="PASS" starttime="20220620 15:13:23.976" endtime="20220620 15:13:25.202"/>
</kw>
<status status="PASS" starttime="20220620 15:13:23.974" endtime="20220620 15:13:25.204"/>
</test>
<status status="PASS" starttime="20220620 15:12:49.758" endtime="20220620 15:13:25.210"/>
</suite>
<suite id="s1-s7" name="RegisterPhone" source="D:\SEQUIS\android_project\Tests\RegisterPhone.robot">
<test id="s1-s7-t1" name="Landing Page" line="7">
<kw name="Open Sequiz App On Android" library="config">
<kw name="Open Application" library="AppiumLibrary">
<arg>http://localhost:4723/wd/hub</arg>
<arg>automationName=UIAutomator2</arg>
<arg>platformName=Android</arg>
<arg>deviceName=emulator-5554</arg>
<arg>appPackage=com.sequis.neu.polisku</arg>
<arg>appActivity=com.sequis.neu.polisku.SplashScreenActivity</arg>
<doc>Opens a new application to given Appium server.
Capabilities of appium server, Android and iOS,
Please check https://github.com/appium/appium/blob/master/docs/en/writing-running-appium/server-args.md
| *Option*            | *Man.* | *Description*     |
| remote_url          | Yes    | Appium server url |
| alias               | no     | alias             |</doc>
<status status="PASS" starttime="20220620 15:13:25.257" endtime="20220620 15:13:39.463"/>
</kw>
<status status="PASS" starttime="20220620 15:13:25.256" endtime="20220620 15:13:39.464"/>
</kw>
<kw name="Landing Page" library="config">
<kw name="Wait Until Element Is Visible" library="AppiumLibrary">
<arg>${LANDING-SplashLogo}</arg>
<arg>timeout=20</arg>
<doc>Waits until element specified with `locator` is visible.</doc>
<status status="PASS" starttime="20220620 15:13:39.466" endtime="20220620 15:13:40.081"/>
</kw>
<kw name="Wait Until Element Is Visible" library="AppiumLibrary">
<arg>${LANDING-SequizLogo}</arg>
<arg>timeout=20</arg>
<doc>Waits until element specified with `locator` is visible.</doc>
<msg timestamp="20220620 15:14:02.717" level="INFO">&lt;?xml version='1.0' encoding='UTF-8' standalone='yes' ?&gt;
&lt;hierarchy index="0" class="hierarchy" rotation="0" width="1080" height="1794"&gt;
  &lt;android.widget.FrameLayout index="0" package="com.sequis.neu.polisku" class="android.widget.FrameLayout" text="" checkable="false" checked="false" clickable="false" enabled="true" focusable="false" focused="false" long-clickable="false" password="false" scrollable="false" selected="false" bounds="[0,0][1080,1794]" displayed="true"&gt;
    &lt;android.widget.LinearLayout index="0" package="com.sequis.neu.polisku" class="android.widget.LinearLayout" text="" checkable="false" checked="false" clickable="false" enabled="true" focusable="false" focused="false" long-clickable="false" password="false" scrollable="false" selected="false" bounds="[0,0][1080,1794]" displayed="true"&gt;
      &lt;android.widget.FrameLayout index="0" package="com.sequis.neu.polisku" class="android.widget.FrameLayout" text="" checkable="false" checked="false" clickable="false" enabled="true" focusable="false" focused="false" long-clickable="false" password="false" scrollable="false" selected="false" bounds="[0,63][1080,1794]" displayed="true"&gt;
        &lt;android.widget.LinearLayout index="0" package="com.sequis.neu.polisku" class="android.widget.LinearLayout" text="" resource-id="com.sequis.neu.polisku:id/action_bar_root" checkable="false" checked="false" clickable="false" enabled="true" focusable="false" focused="false" long-clickable="false" password="false" scrollable="false" selected="false" bounds="[0,63][1080,1794]" displayed="true"&gt;
          &lt;android.widget.FrameLayout index="0" package="com.sequis.neu.polisku" class="android.widget.FrameLayout" text="" resource-id="android:id/content" checkable="false" checked="false" clickable="false" enabled="true" focusable="false" focused="false" long-clickable="false" password="false" scrollable="false" selected="false" bounds="[0,63][1080,1794]" displayed="true"&gt;
            &lt;android.view.ViewGroup index="0" package="com.sequis.neu.polisku" class="android.view.ViewGroup" text="" checkable="false" checked="false" clickable="false" enabled="true" focusable="false" focused="false" long-clickable="false" password="false" scrollable="false" selected="false" bounds="[0,63][1080,1794]" displayed="true"&gt;
              &lt;android.widget.ImageView index="0" package="com.sequis.neu.polisku" class="android.widget.ImageView" text="" resource-id="com.sequis.neu.polisku:id/splashLogo" checkable="false" checked="false" clickable="false" enabled="true" focusable="false" focused="false" long-clickable="false" password="false" scrollable="false" selected="false" bounds="[278,461][803,986]" displayed="true" /&gt;
            &lt;/android.view.ViewGroup&gt;
          &lt;/android.widget.FrameLayout&gt;
        &lt;/android.widget.LinearLayout&gt;
      &lt;/android.widget.FrameLayout&gt;
    &lt;/android.widget.LinearLayout&gt;
  &lt;/android.widget.FrameLayout&gt;
&lt;/hierarchy&gt;</msg>
<kw name="Capture Page Screenshot" library="AppiumLibrary">
<doc>Takes a screenshot of the current page and embeds it into the log.</doc>
<msg timestamp="20220620 15:14:03.804" level="INFO" html="true">&lt;/td&gt;&lt;/tr&gt;&lt;tr&gt;&lt;td colspan="3"&gt;&lt;a href="appium-screenshot-1.png"&gt;&lt;img src="appium-screenshot-1.png" width="800px"&gt;&lt;/a&gt;</msg>
<status status="PASS" starttime="20220620 15:14:02.718" endtime="20220620 15:14:03.804"/>
</kw>
<msg timestamp="20220620 15:14:03.818" level="FAIL">Element locator 'id=com.sequis.neu.polisku:id/sequisLogo' did not match any elements after 20 seconds</msg>
<status status="FAIL" starttime="20220620 15:13:40.082" endtime="20220620 15:14:03.819"/>
</kw>
<status status="FAIL" starttime="20220620 15:13:39.465" endtime="20220620 15:14:03.822"/>
</kw>
<status status="FAIL" starttime="20220620 15:13:25.254" endtime="20220620 15:14:03.825">Element locator 'id=com.sequis.neu.polisku:id/sequisLogo' did not match any elements after 20 seconds</status>
</test>
<test id="s1-s7-t2" name="GO TO PHONE REGISTER PAGE" line="11">
<kw name="Verify Register Phone Field Is Displayed" library="config">
<kw name="Click Element" library="AppiumLibrary">
<arg>${LANDING-DAFTAR-BUTTON}</arg>
<doc>Click element identified by `locator`.</doc>
<msg timestamp="20220620 15:14:03.846" level="INFO">Clicking element 'id=com.sequis.neu.polisku:id/register'.</msg>
<kw name="Capture Page Screenshot" library="AppiumLibrary">
<doc>Takes a screenshot of the current page and embeds it into the log.</doc>
<msg timestamp="20220620 15:14:04.744" level="INFO" html="true">&lt;/td&gt;&lt;/tr&gt;&lt;tr&gt;&lt;td colspan="3"&gt;&lt;a href="appium-screenshot-2.png"&gt;&lt;img src="appium-screenshot-2.png" width="800px"&gt;&lt;/a&gt;</msg>
<status status="PASS" starttime="20220620 15:14:03.964" endtime="20220620 15:14:04.744"/>
</kw>
<msg timestamp="20220620 15:14:04.745" level="FAIL">ValueError: Element locator 'id=com.sequis.neu.polisku:id/register' did not match any elements.</msg>
<status status="FAIL" starttime="20220620 15:14:03.832" endtime="20220620 15:14:04.747"/>
</kw>
<kw name="Wait Until Page Contains Element" library="AppiumLibrary">
<arg>${REGISTER-PHONE_NUMBER-FIELD}</arg>
<doc>Waits until element specified with `locator` appears on current page.</doc>
<status status="NOT RUN" starttime="20220620 15:14:04.748" endtime="20220620 15:14:04.748"/>
</kw>
<status status="FAIL" starttime="20220620 15:14:03.831" endtime="20220620 15:14:04.749"/>
</kw>
<status status="FAIL" starttime="20220620 15:14:03.829" endtime="20220620 15:14:04.751">ValueError: Element locator 'id=com.sequis.neu.polisku:id/register' did not match any elements.</status>
</test>
<test id="s1-s7-t3" name="INPUT REGISTER PHONE USER" line="14">
<kw name="Register With User Phone" library="config">
<arg>${USER1-PHONE}[phone]</arg>
<kw name="Click Element" library="AppiumLibrary">
<arg>${REGISTER-PHONE_NUMBER-FIELD}</arg>
<doc>Click element identified by `locator`.</doc>
<msg timestamp="20220620 15:14:04.770" level="INFO">Clicking element '//android.widget.EditText[@text='No handphone']'.</msg>
<kw name="Capture Page Screenshot" library="AppiumLibrary">
<doc>Takes a screenshot of the current page and embeds it into the log.</doc>
<msg timestamp="20220620 15:14:06.880" level="INFO" html="true">&lt;/td&gt;&lt;/tr&gt;&lt;tr&gt;&lt;td colspan="3"&gt;&lt;a href="appium-screenshot-3.png"&gt;&lt;img src="appium-screenshot-3.png" width="800px"&gt;&lt;/a&gt;</msg>
<status status="PASS" starttime="20220620 15:14:06.184" endtime="20220620 15:14:06.881"/>
</kw>
<msg timestamp="20220620 15:14:06.881" level="FAIL">ValueError: Element locator '//android.widget.EditText[@text='No handphone']' did not match any elements.</msg>
<status status="FAIL" starttime="20220620 15:14:04.757" endtime="20220620 15:14:06.882"/>
</kw>
<kw name="Input Text" library="AppiumLibrary">
<arg>${REGISTER-PHONE_NUMBER-FIELD}</arg>
<arg>${USER-PHONE}</arg>
<doc>Types the given `text` into text field identified by `locator`.</doc>
<status status="NOT RUN" starttime="20220620 15:14:06.882" endtime="20220620 15:14:06.883"/>
</kw>
<kw name="Submit Register" library="config">
<status status="NOT RUN" starttime="20220620 15:14:06.883" endtime="20220620 15:14:06.883"/>
</kw>
<status status="FAIL" starttime="20220620 15:14:04.756" endtime="20220620 15:14:06.884"/>
</kw>
<status status="FAIL" starttime="20220620 15:14:04.754" endtime="20220620 15:14:06.886">ValueError: Element locator '//android.widget.EditText[@text='No handphone']' did not match any elements.</status>
</test>
<test id="s1-s7-t4" name="GO TO VERIFY PAGE" line="17">
<kw name="Verify OTP Phone Register Page" library="config">
<kw name="Wait Until Element Is Visible" library="AppiumLibrary">
<arg>${REGISTER-VERIFIKASI}</arg>
<arg>timeout=20</arg>
<doc>Waits until element specified with `locator` is visible.</doc>
<msg timestamp="20220620 15:14:27.096" level="INFO">&lt;?xml version='1.0' encoding='UTF-8' standalone='yes' ?&gt;
&lt;hierarchy index="0" class="hierarchy" rotation="0" width="1080" height="1794"&gt;
  &lt;android.widget.FrameLayout index="0" package="com.sequis.neu.polisku" class="android.widget.FrameLayout" text="" checkable="false" checked="false" clickable="false" enabled="true" focusable="false" focused="false" long-clickable="false" password="false" scrollable="false" selected="false" bounds="[0,0][1080,1794]" displayed="true"&gt;
    &lt;android.widget.LinearLayout index="0" package="com.sequis.neu.polisku" class="android.widget.LinearLayout" text="" checkable="false" checked="false" clickable="false" enabled="true" focusable="false" focused="false" long-clickable="false" password="false" scrollable="false" selected="false" bounds="[0,0][1080,1794]" displayed="true"&gt;
      &lt;android.widget.FrameLayout index="0" package="com.sequis.neu.polisku" class="android.widget.FrameLayout" text="" checkable="false" checked="false" clickable="false" enabled="true" focusable="false" focused="false" long-clickable="false" password="false" scrollable="false" selected="false" bounds="[0,63][1080,1794]" displayed="true"&gt;
        &lt;android.widget.LinearLayout index="0" package="com.sequis.neu.polisku" class="android.widget.LinearLayout" text="" resource-id="com.sequis.neu.polisku:id/action_bar_root" checkable="false" checked="false" clickable="false" enabled="true" focusable="false" focused="false" long-clickable="false" password="false" scrollable="false" selected="false" bounds="[0,63][1080,1794]" displayed="true"&gt;
          &lt;android.widget.FrameLayout index="0" package="com.sequis.neu.polisku" class="android.widget.FrameLayout" text="" resource-id="android:id/content" checkable="false" checked="false" clickable="false" enabled="true" focusable="false" focused="false" long-clickable="false" password="false" scrollable="false" selected="false" bounds="[0,63][1080,1794]" displayed="true"&gt;
            &lt;android.widget.ScrollView index="0" package="com.sequis.neu.polisku" class="android.widget.ScrollView" text="" checkable="false" checked="false" clickable="false" enabled="true" focusable="true" focused="false" long-clickable="false" password="false" scrollable="false" selected="false" bounds="[0,63][1080,1794]" displayed="true"&gt;
              &lt;android.view.ViewGroup index="0" package="com.sequis.neu.polisku" class="android.view.ViewGroup" text="" checkable="false" checked="false" clickable="false" enabled="true" focusable="false" focused="false" long-clickable="false" password="false" scrollable="false" selected="false" bounds="[0,63][1080,1682]" displayed="true"&gt;
                &lt;android.widget.ImageView index="0" package="com.sequis.neu.polisku" class="android.widget.ImageView" text="" resource-id="com.sequis.neu.polisku:id/sequisLogo" checkable="false" checked="false" clickable="false" enabled="true" focusable="false" focused="false" long-clickable="false" password="false" scrollable="false" selected="false" bounds="[110,255][971,728]" displayed="true" /&gt;
                &lt;android.widget.TextView index="1" package="com.sequis.neu.polisku" class="android.widget.TextView" text="Selamat datang di aplikasi Sequis. Kami hadir memberikan proteksi bagi Anda dan keluarga." resource-id="com.sequis.neu.polisku:id/openingText" checkable="false" checked="false" clickable="false" enabled="true" focusable="false" focused="false" long-clickable="false" password="false" scrollable="false" selected="false" bounds="[63,836][1017,945]" displayed="true" /&gt;
                &lt;android.widget.Button index="2" package="com.sequis.neu.polisku" class="android.widget.Button" text="DAFTAR" resource-id="com.sequis.neu.polisku:id/register" checkable="false" checked="false" clickable="true" enabled="true" focusable="true" focused="false" long-clickable="false" password="false" scrollable="false" selected="false" bounds="[42,1008][1038,1171]" displayed="true" /&gt;
                &lt;android.view.ViewGroup index="3" package="com.sequis.neu.polisku" class="android.view.ViewGroup" text="" resource-id="com.sequis.neu.polisku:id/containerGoogle" checkable="false" checked="false" clickable="true" enabled="true" focusable="true" focused="false" long-clickable="false" password="false" scrollable="false" selected="false" bounds="[66,1213][542,1339]" displayed="true"&gt;
                  &lt;android.widget.ImageView index="0" package="com.sequis.neu.polisku" class="android.widget.ImageView" text="" resource-id="com.sequis.neu.polisku:id/google_icon" checkable="false" checked="false" clickable="false" enabled="true" focusable="false" focused="false" long-clickable="false" password="false" scrollable="false" selected="false" bounds="[191,1245][254,1308]" displayed="true" /&gt;
                  &lt;android.widget.TextView index="1" package="com.sequis.neu.polisku" class="android.widget.TextView" text="GOOGLE" resource-id="com.sequis.neu.polisku:id/google_text" checkable="false" checked="false" clickable="false" enabled="true" focusable="false" focused="false" long-clickable="false" password="false" scrollable="false" selected="false" bounds="[275,1252][417,1301]" displayed="true" /&gt;
                &lt;/android.view.ViewGroup&gt;
                &lt;android.view.ViewGroup index="4" package="com.sequis.neu.polisku" class="android.view.ViewGroup" text="" resource-id="com.sequis.neu.polisku:id/containerFacebook" checkable="false" checked="false" clickable="true" enabled="true" focusable="true" focused="false" long-clickable="false" password="false" scrollable="false" selected="false" bounds="[563,1213][1038,1339]" displayed="true"&gt;
                  &lt;android.widget.ImageView index="0" package="com.sequis.neu.polisku" class="android.widget.ImageView" text="" resource-id="com.sequis.neu.polisku:id/facebook_icon" checkable="false" checked="false" clickable="false" enabled="true" focusable="false" focused="false" long-clickable="false" password="false" scrollable="false" selected="false" bounds="[655,1245][718,1308]" displayed="true" /&gt;
                  &lt;android.widget.TextView index="1" package="com.sequis.neu.polisku" class="android.widget.TextView" text="FACEBOOK" resource-id="com.sequis.neu.polisku:id/facebook_text" checkable="false" checked="false" clickable="false" enabled="true" focusable="false" focused="false" long-clickable="false" password="false" scrollable="false" selected="false" bounds="[739,1252][947,1301]" displayed="true" /&gt;
                &lt;/android.view.ViewGroup&gt;
                &lt;android.view.ViewGroup index="5" package="com.sequis.neu.polisku" class="android.view.ViewGroup" text="" resource-id="com.sequis.neu.polisku:id/containerApple" checkable="false" checked="false" clickable="true" enabled="true" focusable="true" focused="false" long-clickable="false" password="false" scrollable="false" selected="false" bounds="[66,1402][1038,1528]" displayed="true"&gt;
                  &lt;android.widget.ImageView index="0" package="com.sequis.neu.polisku" class="android.widget.ImageView" text="" resource-id="com.sequis.neu.polisku:id/apple_icon" checkable="false" checked="false" clickable="false" enabled="true" focusable="false" focused="false" long-clickable="false" password="false" scrollable="false" selected="false" bounds="[311,1434][374,1497]" displayed="true" /&gt;
                  &lt;android.widget.TextView index="1" package="com.sequis.neu.polisku" class="android.widget.TextView" text="SIGN IN WITH APPLE" resource-id="com.sequis.neu.polisku:id/apple_text" checkable="false" checked="false" clickable="false" enabled="true" focusable="false" focused="false" long-clickable="false" password="false" scrollable="false" selected="false" bounds="[395,1441][794,1490]" displayed="true" /&gt;
                &lt;/android.view.ViewGroup&gt;
                &lt;android.widget.TextView index="6" package="com.sequis.neu.polisku" class="android.widget.TextView" text="Sudah mendaftar? Silahkan Masuk" resource-id="com.sequis.neu.polisku:id/daftar_sekarang" checkable="false" checked="false" clickable="false" enabled="true" focusable="true" focused="false" long-clickable="false" password="false" scrollable="false" selected="false" bounds="[0,1604][1080,1661]" displayed="true" /&gt;
              &lt;/android.view.ViewGroup&gt;
            &lt;/android.widget.ScrollView&gt;
          &lt;/android.widget.FrameLayout&gt;
        &lt;/android.widget.LinearLayout&gt;
      &lt;/android.widget.FrameLayout&gt;
    &lt;/android.widget.LinearLayout&gt;
  &lt;/android.widget.FrameLayout&gt;
&lt;/hierarchy&gt;</msg>
<kw name="Capture Page Screenshot" library="AppiumLibrary">
<doc>Takes a screenshot of the current page and embeds it into the log.</doc>
<msg timestamp="20220620 15:14:27.713" level="INFO" html="true">&lt;/td&gt;&lt;/tr&gt;&lt;tr&gt;&lt;td colspan="3"&gt;&lt;a href="appium-screenshot-4.png"&gt;&lt;img src="appium-screenshot-4.png" width="800px"&gt;&lt;/a&gt;</msg>
<status status="PASS" starttime="20220620 15:14:27.097" endtime="20220620 15:14:27.713"/>
</kw>
<msg timestamp="20220620 15:14:27.714" level="FAIL">Element locator '//android.widget.TextView[@text='Verifikasi']' did not match any elements after 20 seconds</msg>
<status status="FAIL" starttime="20220620 15:14:06.891" endtime="20220620 15:14:27.714"/>
</kw>
<status status="FAIL" starttime="20220620 15:14:06.891" endtime="20220620 15:14:27.716"/>
</kw>
<status status="FAIL" starttime="20220620 15:14:06.889" endtime="20220620 15:14:27.718">Element locator '//android.widget.TextView[@text='Verifikasi']' did not match any elements after 20 seconds</status>
</test>
<test id="s1-s7-t5" name="Close Application" line="20">
<kw name="Close Sequiz App" library="config">
<kw name="Close Application" library="AppiumLibrary">
<doc>Closes the current application and also close webdriver session.</doc>
<status status="PASS" starttime="20220620 15:14:27.723" endtime="20220620 15:14:28.706"/>
</kw>
<status status="PASS" starttime="20220620 15:14:27.723" endtime="20220620 15:14:28.706"/>
</kw>
<status status="PASS" starttime="20220620 15:14:27.721" endtime="20220620 15:14:28.707"/>
</test>
<status status="FAIL" starttime="20220620 15:13:25.216" endtime="20220620 15:14:28.711"/>
</suite>
<status status="FAIL" starttime="20220620 15:09:06.163" endtime="20220620 15:14:28.723"/>
</suite>
<statistics>
<total>
<stat pass="38" fail="4" skip="0">All Tests</stat>
</total>
<tag>
</tag>
<suite>
<stat pass="38" fail="4" skip="0" id="s1" name="Tests">Tests</stat>
<stat pass="8" fail="0" skip="0" id="s1-s1" name="LoginEmail">Tests.LoginEmail</stat>
<stat pass="8" fail="0" skip="0" id="s1-s2" name="LoginFacebookButton">Tests.LoginFacebookButton</stat>
<stat pass="7" fail="0" skip="0" id="s1-s3" name="LoginGmailButton">Tests.LoginGmailButton</stat>
<stat pass="8" fail="0" skip="0" id="s1-s4" name="LoginPhone">Tests.LoginPhone</stat>
<stat pass="1" fail="0" skip="0" id="s1-s5" name="Open App">Tests.Open App</stat>
<stat pass="5" fail="0" skip="0" id="s1-s6" name="RegisterEmail">Tests.RegisterEmail</stat>
<stat pass="1" fail="4" skip="0" id="s1-s7" name="RegisterPhone">Tests.RegisterPhone</stat>
</suite>
</statistics>
<errors>
</errors>
</robot>
