<?xml version="1.0" encoding="UTF-8"?>
<robot generator="Robot 5.0.1 (Python 3.8.3 on win32)" generated="20220620 13:48:24.015" rpa="false" schemaversion="3">
<suite id="s1" name="RegisterPhone" source="D:\SEQUIS\android_project\Tests\RegisterPhone.robot">
<test id="s1-t1" name="Landing Page" line="7">
<kw name="Open Sequiz App On Android" library="config">
<kw name="Open Application" library="AppiumLibrary">
<arg>http://localhost:4723/wd/hub</arg>
<arg>automationName=UIAutomator2</arg>
<arg>platformName=Android</arg>
<arg>deviceName=emulator-5554</arg>
<arg>appPackage=com.sequis.neu.polisku</arg>
<arg>appActivity=com.sequis.neu.polisku.SplashScreenActivity</arg>
<doc>Opens a new application to given Appium server.
Capabilities of appium server, Android and iOS,
Please check https://github.com/appium/appium/blob/master/docs/en/writing-running-appium/server-args.md
| *Option*            | *Man.* | *Description*     |
| remote_url          | Yes    | Appium server url |
| alias               | no     | alias             |</doc>
<status status="PASS" starttime="20220620 13:48:24.532" endtime="20220620 13:48:37.774"/>
</kw>
<status status="PASS" starttime="20220620 13:48:24.531" endtime="20220620 13:48:37.775"/>
</kw>
<kw name="Landing Page" library="config">
<kw name="Wait Until Element Is Visible" library="AppiumLibrary">
<arg>${LANDING-SplashLogo}</arg>
<arg>timeout=20</arg>
<doc>Waits until element specified with `locator` is visible.</doc>
<status status="PASS" starttime="20220620 13:48:37.777" endtime="20220620 13:48:38.336"/>
</kw>
<kw name="Wait Until Element Is Visible" library="AppiumLibrary">
<arg>${LANDING-SequizLogo}</arg>
<arg>timeout=20</arg>
<doc>Waits until element specified with `locator` is visible.</doc>
<status status="PASS" starttime="20220620 13:48:38.336" endtime="20220620 13:48:47.636"/>
</kw>
<status status="PASS" starttime="20220620 13:48:37.776" endtime="20220620 13:48:47.636"/>
</kw>
<status status="PASS" starttime="20220620 13:48:24.529" endtime="20220620 13:48:47.638"/>
</test>
<test id="s1-t2" name="GO TO PHONE REGISTER PAGE" line="11">
<kw name="Verify Register Phone Field Is Displayed" library="config">
<kw name="Click Element" library="AppiumLibrary">
<arg>${LANDING-DAFTAR-BUTTON}</arg>
<doc>Click element identified by `locator`.</doc>
<msg timestamp="20220620 13:48:47.658" level="INFO">Clicking element 'id=com.sequis.neu.polisku:id/register'.</msg>
<status status="PASS" starttime="20220620 13:48:47.653" endtime="20220620 13:48:47.820"/>
</kw>
<kw name="Wait Until Page Contains Element" library="AppiumLibrary">
<arg>${REGISTER-PHONE_NUMBER-FIELD}</arg>
<doc>Waits until element specified with `locator` appears on current page.</doc>
<status status="PASS" starttime="20220620 13:48:47.820" endtime="20220620 13:48:49.731"/>
</kw>
<status status="PASS" starttime="20220620 13:48:47.652" endtime="20220620 13:48:49.732"/>
</kw>
<status status="PASS" starttime="20220620 13:48:47.640" endtime="20220620 13:48:49.733"/>
</test>
<test id="s1-t3" name="INPUT REGISTER PHONE USER" line="14">
<kw name="Register With User Phone" library="config">
<arg>${USER1-PHONE}[phone]</arg>
<kw name="Click Element" library="AppiumLibrary">
<arg>${REGISTER-PHONE_NUMBER-FIELD}</arg>
<doc>Click element identified by `locator`.</doc>
<msg timestamp="20220620 13:48:49.744" level="INFO">Clicking element '//android.widget.EditText[@text='No handphone']'.</msg>
<status status="PASS" starttime="20220620 13:48:49.738" endtime="20220620 13:48:50.058"/>
</kw>
<kw name="Input Text" library="AppiumLibrary">
<arg>${REGISTER-PHONE_NUMBER-FIELD}</arg>
<arg>${USER-PHONE}</arg>
<doc>Types the given `text` into text field identified by `locator`.</doc>
<msg timestamp="20220620 13:48:50.065" level="INFO">Typing text '83830602478' into text field '//android.widget.EditText[@text='No handphone']'</msg>
<status status="PASS" starttime="20220620 13:48:50.059" endtime="20220620 13:48:51.210"/>
</kw>
<kw name="Submit Register" library="config">
<kw name="Wait Until Element Is Visible" library="AppiumLibrary">
<arg>${REGISTER-LANJUT-BUTTON}</arg>
<doc>Waits until element specified with `locator` is visible.</doc>
<status status="PASS" starttime="20220620 13:48:51.211" endtime="20220620 13:48:51.879"/>
</kw>
<kw name="Click Element" library="AppiumLibrary">
<arg>${REGISTER-LANJUT-BUTTON}</arg>
<doc>Click element identified by `locator`.</doc>
<msg timestamp="20220620 13:48:51.884" level="INFO">Clicking element 'id=com.sequis.neu.polisku:id/daftar'.</msg>
<status status="PASS" starttime="20220620 13:48:51.879" endtime="20220620 13:48:52.033"/>
</kw>
<status status="PASS" starttime="20220620 13:48:51.211" endtime="20220620 13:48:52.033"/>
</kw>
<status status="PASS" starttime="20220620 13:48:49.737" endtime="20220620 13:48:52.034"/>
</kw>
<status status="PASS" starttime="20220620 13:48:49.735" endtime="20220620 13:48:52.035"/>
</test>
<test id="s1-t4" name="GO TO VERIFY PAGE" line="17">
<kw name="Verify OTP Phone Register Page" library="config">
<kw name="Wait Until Element Is Visible" library="AppiumLibrary">
<arg>${REGISTER-VERIFIKASI}</arg>
<arg>timeout=20</arg>
<doc>Waits until element specified with `locator` is visible.</doc>
<status status="PASS" starttime="20220620 13:48:52.040" endtime="20220620 13:48:54.384"/>
</kw>
<status status="PASS" starttime="20220620 13:48:52.039" endtime="20220620 13:48:54.384"/>
</kw>
<status status="PASS" starttime="20220620 13:48:52.037" endtime="20220620 13:48:54.386"/>
</test>
<test id="s1-t5" name="Close Application" line="20">
<kw name="Close Sequiz App" library="config">
<kw name="Close Application" library="AppiumLibrary">
<doc>Closes the current application and also close webdriver session.</doc>
<status status="PASS" starttime="20220620 13:48:54.391" endtime="20220620 13:48:55.645"/>
</kw>
<status status="PASS" starttime="20220620 13:48:54.390" endtime="20220620 13:48:55.646"/>
</kw>
<status status="PASS" starttime="20220620 13:48:54.388" endtime="20220620 13:48:55.648"/>
</test>
<status status="PASS" starttime="20220620 13:48:24.020" endtime="20220620 13:48:55.650"/>
</suite>
<statistics>
<total>
<stat pass="5" fail="0" skip="0">All Tests</stat>
</total>
<tag>
</tag>
<suite>
<stat pass="5" fail="0" skip="0" id="s1" name="RegisterPhone">RegisterPhone</stat>
</suite>
</statistics>
<errors>
</errors>
</robot>
