<?xml version="1.0" encoding="UTF-8"?>
<robot generator="Robot 5.0.1 (Python 3.8.3 on win32)" generated="20220619 16:53:29.198" rpa="false" schemaversion="3">
<suite id="s1" name="RegisterPhone" source="D:\SEQUIS\android_project\Tests\RegisterPhone.robot">
<test id="s1-t1" name="Landing Page" line="7">
<kw name="Open Sequiz App On Android" library="config">
<kw name="Open Application" library="AppiumLibrary">
<arg>http://localhost:4723/wd/hub</arg>
<arg>automationName=UIAutomator2</arg>
<arg>platformName=Android</arg>
<arg>deviceName=emulator-5554</arg>
<arg>appPackage=com.sequis.neu.polisku</arg>
<arg>appActivity=com.sequis.neu.polisku.SplashScreenActivity</arg>
<doc>Opens a new application to given Appium server.
Capabilities of appium server, Android and iOS,
Please check https://github.com/appium/appium/blob/master/docs/en/writing-running-appium/server-args.md
| *Option*            | *Man.* | *Description*     |
| remote_url          | Yes    | Appium server url |
| alias               | no     | alias             |</doc>
<status status="PASS" starttime="20220619 16:53:29.790" endtime="20220619 16:53:44.644"/>
</kw>
<status status="PASS" starttime="20220619 16:53:29.789" endtime="20220619 16:53:44.645"/>
</kw>
<kw name="Landing Page" library="config">
<kw name="Wait Until Element Is Visible" library="AppiumLibrary">
<arg>${LANDING-SplashLogo}</arg>
<arg>timeout=20</arg>
<doc>Waits until element specified with `locator` is visible.</doc>
<status status="PASS" starttime="20220619 16:53:44.647" endtime="20220619 16:53:45.236"/>
</kw>
<kw name="Wait Until Element Is Visible" library="AppiumLibrary">
<arg>${LANDING-SequizLogo}</arg>
<arg>timeout=20</arg>
<doc>Waits until element specified with `locator` is visible.</doc>
<status status="PASS" starttime="20220619 16:53:45.236" endtime="20220619 16:53:54.938"/>
</kw>
<status status="PASS" starttime="20220619 16:53:44.646" endtime="20220619 16:53:54.938"/>
</kw>
<status status="PASS" starttime="20220619 16:53:29.787" endtime="20220619 16:53:54.939"/>
</test>
<test id="s1-t2" name="GO TO PHONE REGISTER PAGE" line="11">
<kw name="Verify Register Phone Field Is Displayed" library="config">
<kw name="Click Element" library="AppiumLibrary">
<arg>${LANDING-DAFTAR-BUTTON}</arg>
<doc>Click element identified by `locator`.</doc>
<msg timestamp="20220619 16:53:54.953" level="INFO">Clicking element 'id=com.sequis.neu.polisku:id/register'.</msg>
<status status="PASS" starttime="20220619 16:53:54.945" endtime="20220619 16:53:55.152"/>
</kw>
<kw name="Wait Until Page Contains Element" library="AppiumLibrary">
<arg>${REGISTER-PHONE_NUMBER-FIELD}</arg>
<doc>Waits until element specified with `locator` appears on current page.</doc>
<status status="PASS" starttime="20220619 16:53:55.153" endtime="20220619 16:53:57.557"/>
</kw>
<status status="PASS" starttime="20220619 16:53:54.944" endtime="20220619 16:53:57.558"/>
</kw>
<status status="PASS" starttime="20220619 16:53:54.942" endtime="20220619 16:53:57.559"/>
</test>
<test id="s1-t3" name="INPUT REGISTER PHONE USER" line="14">
<kw name="Register With User Phone" library="config">
<arg>${USER1-PHONE}[phone]</arg>
<kw name="Click Element" library="AppiumLibrary">
<arg>${REGISTER-PHONE_NUMBER-FIELD}</arg>
<doc>Click element identified by `locator`.</doc>
<msg timestamp="20220619 16:53:57.574" level="INFO">Clicking element '//android.widget.EditText[@text='No handphone']'.</msg>
<status status="PASS" starttime="20220619 16:53:57.564" endtime="20220619 16:53:57.867"/>
</kw>
<kw name="Input Text" library="AppiumLibrary">
<arg>${REGISTER-PHONE_NUMBER-FIELD}</arg>
<arg>${USER-PHONE}</arg>
<doc>Types the given `text` into text field identified by `locator`.</doc>
<msg timestamp="20220619 16:53:57.877" level="INFO">Typing text '83830602478' into text field '//android.widget.EditText[@text='No handphone']'</msg>
<status status="PASS" starttime="20220619 16:53:57.868" endtime="20220619 16:53:59.160"/>
</kw>
<kw name="Submit Register" library="config">
<kw name="Wait Until Element Is Visible" library="AppiumLibrary">
<arg>${REGISTER-LANJUT-BUTTON}</arg>
<doc>Waits until element specified with `locator` is visible.</doc>
<status status="PASS" starttime="20220619 16:53:59.161" endtime="20220619 16:53:59.851"/>
</kw>
<kw name="Click Element" library="AppiumLibrary">
<arg>${REGISTER-LANJUT-BUTTON}</arg>
<doc>Click element identified by `locator`.</doc>
<msg timestamp="20220619 16:53:59.856" level="INFO">Clicking element 'id=com.sequis.neu.polisku:id/daftar'.</msg>
<status status="PASS" starttime="20220619 16:53:59.851" endtime="20220619 16:54:00.491"/>
</kw>
<status status="PASS" starttime="20220619 16:53:59.160" endtime="20220619 16:54:00.491"/>
</kw>
<status status="PASS" starttime="20220619 16:53:57.563" endtime="20220619 16:54:00.491"/>
</kw>
<status status="PASS" starttime="20220619 16:53:57.561" endtime="20220619 16:54:00.492"/>
</test>
<test id="s1-t4" name="GO TO VERIFY PAGE" line="17">
<kw name="Verify OTP Phone Register Page" library="config">
<kw name="Wait Until Element Is Visible" library="AppiumLibrary">
<arg>${REGISTER-VERIFIKASI}</arg>
<arg>timeout=20</arg>
<doc>Waits until element specified with `locator` is visible.</doc>
<status status="PASS" starttime="20220619 16:54:00.497" endtime="20220619 16:54:02.518"/>
</kw>
<status status="PASS" starttime="20220619 16:54:00.496" endtime="20220619 16:54:02.519"/>
</kw>
<status status="PASS" starttime="20220619 16:54:00.495" endtime="20220619 16:54:02.520"/>
</test>
<status status="PASS" starttime="20220619 16:53:29.203" endtime="20220619 16:54:02.523"/>
</suite>
<statistics>
<total>
<stat pass="4" fail="0" skip="0">All Tests</stat>
</total>
<tag>
</tag>
<suite>
<stat pass="4" fail="0" skip="0" id="s1" name="RegisterPhone">RegisterPhone</stat>
</suite>
</statistics>
<errors>
</errors>
</robot>
