<?xml version="1.0" encoding="UTF-8"?>
<robot generator="Robot 5.0.1 (Python 3.8.3 on win32)" generated="20220620 15:04:05.657" rpa="false" schemaversion="3">
<suite id="s1" name="LoginEmail" source="D:\SEQUIS\android_project\Tests\LoginEmail.robot">
<test id="s1-t1" name="Landing Page" line="6">
<kw name="Open Sequiz App On Android" library="config">
<kw name="Open Application" library="AppiumLibrary">
<arg>http://localhost:4723/wd/hub</arg>
<arg>automationName=UIAutomator2</arg>
<arg>platformName=Android</arg>
<arg>deviceName=emulator-5554</arg>
<arg>appPackage=com.sequis.neu.polisku</arg>
<arg>appActivity=com.sequis.neu.polisku.SplashScreenActivity</arg>
<doc>Opens a new application to given Appium server.
Capabilities of appium server, Android and iOS,
Please check https://github.com/appium/appium/blob/master/docs/en/writing-running-appium/server-args.md
| *Option*            | *Man.* | *Description*     |
| remote_url          | Yes    | Appium server url |
| alias               | no     | alias             |</doc>
<status status="PASS" starttime="20220620 15:04:06.203" endtime="20220620 15:04:19.371"/>
</kw>
<status status="PASS" starttime="20220620 15:04:06.202" endtime="20220620 15:04:19.371"/>
</kw>
<kw name="Landing Page" library="config">
<kw name="Wait Until Element Is Visible" library="AppiumLibrary">
<arg>${LANDING-SplashLogo}</arg>
<arg>timeout=20</arg>
<doc>Waits until element specified with `locator` is visible.</doc>
<status status="PASS" starttime="20220620 15:04:19.373" endtime="20220620 15:04:19.900"/>
</kw>
<kw name="Wait Until Element Is Visible" library="AppiumLibrary">
<arg>${LANDING-SequizLogo}</arg>
<arg>timeout=20</arg>
<doc>Waits until element specified with `locator` is visible.</doc>
<status status="PASS" starttime="20220620 15:04:19.900" endtime="20220620 15:04:29.462"/>
</kw>
<status status="PASS" starttime="20220620 15:04:19.372" endtime="20220620 15:04:29.463"/>
</kw>
<status status="PASS" starttime="20220620 15:04:06.201" endtime="20220620 15:04:29.464"/>
</test>
<test id="s1-t2" name="Click Button" line="10">
<kw name="Click Masuk Button" library="config">
<kw name="Click Element" library="AppiumLibrary">
<arg>${LANDING-LOGIN-BUTTON}</arg>
<doc>Click element identified by `locator`.</doc>
<msg timestamp="20220620 15:04:29.476" level="INFO">Clicking element 'id=com.sequis.neu.polisku:id/daftar_sekarang'.</msg>
<status status="PASS" starttime="20220620 15:04:29.468" endtime="20220620 15:04:30.106"/>
</kw>
<status status="PASS" starttime="20220620 15:04:29.467" endtime="20220620 15:04:30.107"/>
</kw>
<status status="PASS" starttime="20220620 15:04:29.466" endtime="20220620 15:04:30.108"/>
</test>
<test id="s1-t3" name="GO TO LOGIN EMAIL PAGE" line="13">
<kw name="Verify Login Email Field Is Displayed" library="config">
<kw name="Wait Until Page Contains Element" library="AppiumLibrary">
<arg>${Login-Masuk-TEXT}</arg>
<arg>timeout=20</arg>
<doc>Waits until element specified with `locator` appears on current page.</doc>
<status status="PASS" starttime="20220620 15:04:30.113" endtime="20220620 15:04:32.323"/>
</kw>
<kw name="Click Element" library="AppiumLibrary">
<arg>${Login-EMAIL-TAB}</arg>
<doc>Click element identified by `locator`.</doc>
<msg timestamp="20220620 15:04:32.329" level="INFO">Clicking element 'id=com.sequis.neu.polisku:id/background'.</msg>
<status status="PASS" starttime="20220620 15:04:32.323" endtime="20220620 15:04:32.447"/>
</kw>
<kw name="Wait Until Page Contains Element" library="AppiumLibrary">
<arg>${Login-EMAIL-FIELD}</arg>
<arg>timeout=20</arg>
<doc>Waits until element specified with `locator` appears on current page.</doc>
<status status="PASS" starttime="20220620 15:04:32.447" endtime="20220620 15:04:32.855"/>
</kw>
<status status="PASS" starttime="20220620 15:04:30.112" endtime="20220620 15:04:32.855"/>
</kw>
<status status="PASS" starttime="20220620 15:04:30.111" endtime="20220620 15:04:32.856"/>
</test>
<test id="s1-t4" name="INPUT EMAIL" line="16">
<kw name="Login With Email User" library="config">
<arg>${USER1-DETAILS}[email]</arg>
<arg>${USER1-DETAILS}[password]</arg>
<kw name="Input User Email" library="config">
<arg>${EMAIL}</arg>
<kw name="Input Text" library="AppiumLibrary">
<arg>${Login-EMAIL-FIELD}</arg>
<arg>${EMAIL}</arg>
<doc>Types the given `text` into text field identified by `locator`.</doc>
<msg timestamp="20220620 15:04:32.872" level="INFO">Typing text 'valiantartwear@gmail.com' into text field '//android.widget.EditText[@text='Alamat email']'</msg>
<status status="PASS" starttime="20220620 15:04:32.862" endtime="20220620 15:04:33.821"/>
</kw>
<status status="PASS" starttime="20220620 15:04:32.861" endtime="20220620 15:04:33.821"/>
</kw>
<kw name="Input User Password" library="config">
<arg>${USERPASSWORD}</arg>
<kw name="Input Text" library="AppiumLibrary">
<arg>${Login-PASSWORD-FIELD}</arg>
<arg>${USERPASSWORD}</arg>
<doc>Types the given `text` into text field identified by `locator`.</doc>
<msg timestamp="20220620 15:04:33.830" level="INFO">Typing text 'Admin123' into text field '//android.widget.EditText[@text='Password']'</msg>
<status status="PASS" starttime="20220620 15:04:33.823" endtime="20220620 15:04:34.522"/>
</kw>
<status status="PASS" starttime="20220620 15:04:33.822" endtime="20220620 15:04:34.522"/>
</kw>
<kw name="Submit Login" library="config">
<kw name="Click Element" library="AppiumLibrary">
<arg>${Login-SUMBIT-BUTTON}</arg>
<doc>Click element identified by `locator`.</doc>
<msg timestamp="20220620 15:04:34.529" level="INFO">Clicking element 'id=com.sequis.neu.polisku:id/daftar'.</msg>
<status status="PASS" starttime="20220620 15:04:34.524" endtime="20220620 15:04:36.071"/>
</kw>
<status status="PASS" starttime="20220620 15:04:34.523" endtime="20220620 15:04:36.071"/>
</kw>
<kw name="Verify Login Is Successful" library="config">
<kw name="Wait Until Page Contains Element" library="AppiumLibrary">
<arg>${MAIN-PIN-IMAGE}</arg>
<doc>Waits until element specified with `locator` appears on current page.</doc>
<status status="PASS" starttime="20220620 15:04:36.073" endtime="20220620 15:04:39.607"/>
</kw>
<status status="PASS" starttime="20220620 15:04:36.072" endtime="20220620 15:04:39.607"/>
</kw>
<status status="PASS" starttime="20220620 15:04:32.860" endtime="20220620 15:04:39.608"/>
</kw>
<status status="PASS" starttime="20220620 15:04:32.859" endtime="20220620 15:04:39.609"/>
</test>
<test id="s1-t5" name="Verify LoginEmail Is Successful" line="19">
<kw name="GO TO PROFILE PAGE" library="config">
<kw name="Wait Until Element Is Visible" library="AppiumLibrary">
<arg>${MAIN-PIN-IMAGE}</arg>
<arg>timeout=20</arg>
<doc>Waits until element specified with `locator` is visible.</doc>
<status status="PASS" starttime="20220620 15:04:39.614" endtime="20220620 15:04:39.704"/>
</kw>
<kw name="Click Element" library="AppiumLibrary">
<arg>${MAIN-PINCLOSE-BUTTON}</arg>
<doc>Click element identified by `locator`.</doc>
<msg timestamp="20220620 15:04:39.709" level="INFO">Clicking element 'id=com.sequis.neu.polisku:id/close'.</msg>
<status status="PASS" starttime="20220620 15:04:39.704" endtime="20220620 15:04:40.818"/>
</kw>
<status status="PASS" starttime="20220620 15:04:39.614" endtime="20220620 15:04:40.818"/>
</kw>
<kw name="VERIFY PROFILE PAGE" library="config">
<kw name="Wait Until Page Contains Element" library="AppiumLibrary">
<arg>${MAIN-ICON-INBOX}</arg>
<arg>timeout=20</arg>
<doc>Waits until element specified with `locator` appears on current page.</doc>
<status status="PASS" starttime="20220620 15:04:40.820" endtime="20220620 15:04:40.975"/>
</kw>
<kw name="Wait Until Page Contains Element" library="AppiumLibrary">
<arg>${MAIN-ICON-SETTINGS}</arg>
<doc>Waits until element specified with `locator` appears on current page.</doc>
<status status="PASS" starttime="20220620 15:04:40.975" endtime="20220620 15:04:41.113"/>
</kw>
<status status="PASS" starttime="20220620 15:04:40.819" endtime="20220620 15:04:41.114"/>
</kw>
<status status="PASS" starttime="20220620 15:04:39.612" endtime="20220620 15:04:41.115"/>
</test>
<test id="s1-t6" name="Logout Account" line="23">
<kw name="DETAIL ACCOUNT" library="config">
<kw name="Click Element" library="AppiumLibrary">
<arg>${MAIN-SETTINGS-BUTTON}</arg>
<doc>Click element identified by `locator`.</doc>
<msg timestamp="20220620 15:04:41.127" level="INFO">Clicking element 'id=com.sequis.neu.polisku:id/settings'.</msg>
<status status="PASS" starttime="20220620 15:04:41.120" endtime="20220620 15:04:42.094"/>
</kw>
<kw name="Wait Until Element Is Visible" library="AppiumLibrary">
<arg>${MAIN-LIHATAKUN-BUTTON}</arg>
<arg>timeout=10</arg>
<doc>Waits until element specified with `locator` is visible.</doc>
<status status="PASS" starttime="20220620 15:04:42.095" endtime="20220620 15:04:43.763"/>
</kw>
<kw name="Click Element" library="AppiumLibrary">
<arg>${MAIN-LIHATAKUN-BUTTON}</arg>
<doc>Click element identified by `locator`.</doc>
<msg timestamp="20220620 15:04:43.769" level="INFO">Clicking element 'id=com.sequis.neu.polisku:id/lihatAkun'.</msg>
<status status="PASS" starttime="20220620 15:04:43.763" endtime="20220620 15:04:43.914"/>
</kw>
<kw name="Wait Until Element Is Visible" library="AppiumLibrary">
<arg>${MAIN-DETAIL-ACCOUNT}</arg>
<arg>timeout=10</arg>
<doc>Waits until element specified with `locator` is visible.</doc>
<status status="PASS" starttime="20220620 15:04:43.915" endtime="20220620 15:04:45.283"/>
</kw>
<status status="PASS" starttime="20220620 15:04:41.118" endtime="20220620 15:04:45.283"/>
</kw>
<kw name="Click the logout button" library="config">
<kw name="Click Element" library="AppiumLibrary">
<arg>${MAIN-SIGNOUT-BUTTON}</arg>
<doc>Click element identified by `locator`.</doc>
<msg timestamp="20220620 15:04:45.291" level="INFO">Clicking element '//android.widget.Button[@text='SIGN OUT']'.</msg>
<status status="PASS" starttime="20220620 15:04:45.285" endtime="20220620 15:04:45.530"/>
</kw>
<kw name="Wait Until Element Is Visible" library="AppiumLibrary">
<arg>${MAIN-LOGOUT-POPUP}</arg>
<arg>timeout=10</arg>
<doc>Waits until element specified with `locator` is visible.</doc>
<status status="PASS" starttime="20220620 15:04:45.531" endtime="20220620 15:04:46.596"/>
</kw>
<kw name="Click Element" library="AppiumLibrary">
<arg>${MAIN-SIGNOUT-BUTTON2}</arg>
<doc>Click element identified by `locator`.</doc>
<msg timestamp="20220620 15:04:46.602" level="INFO">Clicking element 'id=android:id/button1'.</msg>
<status status="PASS" starttime="20220620 15:04:46.596" endtime="20220620 15:04:47.542"/>
</kw>
<status status="PASS" starttime="20220620 15:04:45.284" endtime="20220620 15:04:47.543"/>
</kw>
<status status="PASS" starttime="20220620 15:04:41.117" endtime="20220620 15:04:47.544"/>
</test>
<test id="s1-t7" name="BACK TO PROFILE PAGE" line="27">
<kw name="GO TO LANDING PAGE" library="config">
<kw name="Wait Until Element Is Visible" library="AppiumLibrary">
<arg>${LANDING-SequizLogo}</arg>
<arg>timeout=20</arg>
<doc>Waits until element specified with `locator` is visible.</doc>
<status status="PASS" starttime="20220620 15:04:47.549" endtime="20220620 15:04:49.617"/>
</kw>
<status status="PASS" starttime="20220620 15:04:47.548" endtime="20220620 15:04:49.618"/>
</kw>
<status status="PASS" starttime="20220620 15:04:47.546" endtime="20220620 15:04:49.619"/>
</test>
<test id="s1-t8" name="Close Application" line="30">
<kw name="Close Sequiz App" library="config">
<kw name="Close Application" library="AppiumLibrary">
<doc>Closes the current application and also close webdriver session.</doc>
<status status="PASS" starttime="20220620 15:04:49.623" endtime="20220620 15:04:50.561"/>
</kw>
<status status="PASS" starttime="20220620 15:04:49.623" endtime="20220620 15:04:50.562"/>
</kw>
<status status="PASS" starttime="20220620 15:04:49.621" endtime="20220620 15:04:50.563"/>
</test>
<status status="PASS" starttime="20220620 15:04:05.663" endtime="20220620 15:04:50.567"/>
</suite>
<statistics>
<total>
<stat pass="8" fail="0" skip="0">All Tests</stat>
</total>
<tag>
</tag>
<suite>
<stat pass="8" fail="0" skip="0" id="s1" name="LoginEmail">LoginEmail</stat>
</suite>
</statistics>
<errors>
</errors>
</robot>
